0 verbose cli C:\Program Files\nodejs\node.exe C:\Program Files\nodejs\node_modules\npm\bin\npm-cli.js
1 info using npm@11.6.2
2 info using node@v24.12.0
3 silly config load:file:C:\Program Files\nodejs\node_modules\npm\npmrc
4 silly config load:file:C:\Users\arnoc\Desktop\Website Projects 2026\AirFreight\.npmrc
5 silly config load:file:C:\Users\arnoc\.npmrc
6 silly config load:file:C:\Users\arnoc\AppData\Roaming\npm\etc\npmrc
7 verbose title npm install prisma @prisma/client
8 verbose argv "install" "prisma" "@prisma/client" "--cache" ".npm-cache" "--no-audit" "--no-fund"
9 verbose logfile logs-max:10 dir:C:\Users\arnoc\Desktop\Website Projects 2026\AirFreight\.npm-cache\_logs\2026-05-18T21_59_34_793Z-
10 verbose logfile C:\Users\arnoc\Desktop\Website Projects 2026\AirFreight\.npm-cache\_logs\2026-05-18T21_59_34_793Z-debug-0.log
11 silly logfile done cleaning log files
12 silly packumentCache heap:4496293888 maxSize:1124073472 maxEntrySize:562036736
13 silly idealTree buildDeps
14 silly fetch manifest prisma@*
15 silly packumentCache full:https://registry.npmjs.org/prisma cache-miss
16 http fetch GET 200 https://registry.npmjs.org/prisma 15285ms (cache miss)
17 silly packumentCache full:https://registry.npmjs.org/prisma set size:undefined disposed:false
18 silly fetch manifest better-sqlite3@>=9.0.0
19 silly packumentCache full:https://registry.npmjs.org/better-sqlite3 cache-miss
20 http fetch GET 200 https://registry.npmjs.org/better-sqlite3 858ms (cache miss)
21 silly packumentCache full:https://registry.npmjs.org/better-sqlite3 set size:undefined disposed:false
22 silly fetch manifest typescript@^5.6.0
23 silly packumentCache full:https://registry.npmjs.org/typescript cache-miss
24 http fetch GET 200 https://registry.npmjs.org/typescript 270ms (cache revalidated)
25 silly packumentCache full:https://registry.npmjs.org/typescript set size:15409943 disposed:false
26 silly fetch manifest @prisma/client@*
27 silly packumentCache full:https://registry.npmjs.org/@prisma%2fclient cache-miss
28 http fetch GET 200 https://registry.npmjs.org/@prisma%2fclient 19677ms (cache miss)
29 silly packumentCache full:https://registry.npmjs.org/@prisma%2fclient set size:undefined disposed:false
30 silly placeDep ROOT @prisma/client@7.8.0 OK for: gds-airfreight@1.0.0 want: *
31 silly placeDep ROOT prisma@7.8.0 OK for: gds-airfreight@1.0.0 want: *
32 silly fetch manifest @prisma/client-runtime-utils@7.8.0
33 silly packumentCache full:https://registry.npmjs.org/@prisma%2fclient-runtime-utils cache-miss
34 silly fetch manifest mysql2@3.15.3
35 silly packumentCache full:https://registry.npmjs.org/mysql2 cache-miss
36 silly fetch manifest postgres@3.4.7
37 silly packumentCache full:https://registry.npmjs.org/postgres cache-miss
38 silly fetch manifest @prisma/dev@0.24.3
39 silly packumentCache full:https://registry.npmjs.org/@prisma%2fdev cache-miss
40 silly fetch manifest @prisma/config@7.8.0
41 silly packumentCache full:https://registry.npmjs.org/@prisma%2fconfig cache-miss
42 silly fetch manifest @prisma/engines@7.8.0
43 silly packumentCache full:https://registry.npmjs.org/@prisma%2fengines cache-miss
44 silly fetch manifest @prisma/studio-core@0.27.3
45 silly packumentCache full:https://registry.npmjs.org/@prisma%2fstudio-core cache-miss
46 http fetch GET 200 https://registry.npmjs.org/@prisma%2fclient-runtime-utils 949ms (cache miss)
47 silly packumentCache full:https://registry.npmjs.org/@prisma%2fclient-runtime-utils set size:undefined disposed:false
48 http fetch GET 200 https://registry.npmjs.org/mysql2 1572ms (cache miss)
49 silly packumentCache full:https://registry.npmjs.org/mysql2 set size:undefined disposed:false
50 http fetch GET 200 https://registry.npmjs.org/postgres 1635ms (cache miss)
51 silly packumentCache full:https://registry.npmjs.org/postgres set size:undefined disposed:false
52 http fetch GET 200 https://registry.npmjs.org/@prisma%2fdev 3266ms (cache miss)
53 silly packumentCache full:https://registry.npmjs.org/@prisma%2fdev set size:undefined disposed:false
54 http fetch GET 200 https://registry.npmjs.org/@prisma%2fconfig 3418ms (cache miss)
55 silly packumentCache full:https://registry.npmjs.org/@prisma%2fconfig set size:undefined disposed:false
56 http fetch GET 200 https://registry.npmjs.org/@prisma%2fstudio-core 4167ms (cache miss)
57 silly packumentCache full:https://registry.npmjs.org/@prisma%2fstudio-core set size:undefined disposed:false
58 http fetch GET 200 https://registry.npmjs.org/@prisma%2fengines 11550ms (cache miss)
59 silly packumentCache full:https://registry.npmjs.org/@prisma%2fengines set size:undefined disposed:false
60 silly placeDep ROOT @prisma/client-runtime-utils@7.8.0 OK for: @prisma/client@7.8.0 want: 7.8.0
61 silly fetch manifest @types/react@^18.0.0 || ^19.0.0
62 silly packumentCache full:https://registry.npmjs.org/@types%2freact cache-miss
63 http fetch GET 200 https://registry.npmjs.org/@types%2freact 273ms (cache revalidated)
64 silly packumentCache full:https://registry.npmjs.org/@types%2freact set size:2588964 disposed:false
65 silly fetch manifest react@^18.0.0 || ^19.0.0
66 silly packumentCache full:https://registry.npmjs.org/react cache-miss
67 http fetch GET 200 https://registry.npmjs.org/react 114ms (cache revalidated)
68 silly packumentCache full:https://registry.npmjs.org/react set size:6650647 disposed:false
69 silly fetch manifest react-dom@^18.0.0 || ^19.0.0
70 silly packumentCache full:https://registry.npmjs.org/react-dom cache-miss
71 http fetch GET 200 https://registry.npmjs.org/react-dom 637ms (cache revalidated)
72 silly packumentCache full:https://registry.npmjs.org/react-dom set size:8868827 disposed:false
73 silly placeDep ROOT @prisma/config@7.8.0 OK for: prisma@7.8.0 want: 7.8.0
74 silly placeDep ROOT @prisma/dev@0.24.3 OK for: prisma@7.8.0 want: 0.24.3
75 silly placeDep ROOT @prisma/engines@7.8.0 OK for: prisma@7.8.0 want: 7.8.0
76 silly placeDep ROOT @prisma/studio-core@0.27.3 OK for: prisma@7.8.0 want: 0.27.3
77 silly placeDep ROOT mysql2@3.15.3 OK for: prisma@7.8.0 want: 3.15.3
78 silly placeDep ROOT postgres@3.4.7 OK for: prisma@7.8.0 want: 3.4.7
79 silly fetch manifest c12@3.3.4
80 silly packumentCache full:https://registry.npmjs.org/c12 cache-miss
81 silly fetch manifest effect@3.20.0
82 silly packumentCache full:https://registry.npmjs.org/effect cache-miss
83 silly fetch manifest empathic@2.0.0
84 silly packumentCache full:https://registry.npmjs.org/empathic cache-miss
85 silly fetch manifest deepmerge-ts@7.1.5
86 silly packumentCache full:https://registry.npmjs.org/deepmerge-ts cache-miss
87 silly fetch manifest hono@^4.12.8
88 silly packumentCache full:https://registry.npmjs.org/hono cache-miss
89 silly fetch manifest pathe@2.0.3
90 silly packumentCache full:https://registry.npmjs.org/pathe cache-miss
91 silly fetch manifest remeda@2.33.4
92 silly packumentCache full:https://registry.npmjs.org/remeda cache-miss
93 http fetch GET 200 https://registry.npmjs.org/pathe 159ms (cache miss)
94 silly packumentCache full:https://registry.npmjs.org/pathe set size:undefined disposed:false
95 silly fetch manifest std-env@3.10.0
96 silly packumentCache full:https://registry.npmjs.org/std-env cache-miss
97 http fetch GET 200 https://registry.npmjs.org/c12 261ms (cache miss)
98 silly packumentCache full:https://registry.npmjs.org/c12 set size:undefined disposed:false
99 silly fetch manifest valibot@1.2.0
100 silly packumentCache full:https://registry.npmjs.org/valibot cache-miss
101 http fetch GET 200 https://registry.npmjs.org/remeda 428ms (cache miss)
102 silly packumentCache full:https://registry.npmjs.org/remeda set size:undefined disposed:false
103 silly fetch manifest zeptomatch@2.1.0
104 silly packumentCache full:https://registry.npmjs.org/zeptomatch cache-miss
105 http fetch GET 200 https://registry.npmjs.org/valibot 360ms (cache miss)
106 silly packumentCache full:https://registry.npmjs.org/valibot set size:undefined disposed:false
107 silly fetch manifest get-port-please@3.2.0
108 silly packumentCache full:https://registry.npmjs.org/get-port-please cache-miss
109 http fetch GET 200 https://registry.npmjs.org/deepmerge-ts 670ms (cache miss)
110 silly packumentCache full:https://registry.npmjs.org/deepmerge-ts set size:undefined disposed:false
111 silly fetch manifest proper-lockfile@4.1.2
112 silly packumentCache full:https://registry.npmjs.org/proper-lockfile cache-miss
113 http fetch GET 200 https://registry.npmjs.org/empathic 885ms (cache miss)
114 silly packumentCache full:https://registry.npmjs.org/empathic set size:undefined disposed:false
115 silly fetch manifest foreground-child@3.3.1
116 silly packumentCache full:https://registry.npmjs.org/foreground-child cache-miss
117 http fetch GET 200 https://registry.npmjs.org/zeptomatch 426ms (cache miss)
118 silly packumentCache full:https://registry.npmjs.org/zeptomatch set size:undefined disposed:false
119 silly fetch manifest @hono/node-server@1.19.11
120 silly packumentCache full:https://registry.npmjs.org/@hono%2fnode-server cache-miss
121 http fetch GET 200 https://registry.npmjs.org/hono 1069ms (cache miss)
122 silly packumentCache full:https://registry.npmjs.org/hono set size:undefined disposed:false
123 silly fetch manifest http-status-codes@2.3.0
124 silly packumentCache full:https://registry.npmjs.org/http-status-codes cache-miss
125 http fetch GET 200 https://registry.npmjs.org/proper-lockfile 803ms (cache miss)
126 silly packumentCache full:https://registry.npmjs.org/proper-lockfile set size:undefined disposed:false
127 silly fetch manifest @electric-sql/pglite@0.4.1
128 silly packumentCache full:https://registry.npmjs.org/@electric-sql%2fpglite cache-miss
129 http fetch GET 200 https://registry.npmjs.org/foreground-child 719ms (cache miss)
130 silly packumentCache full:https://registry.npmjs.org/foreground-child set size:undefined disposed:false
131 silly fetch manifest @prisma/get-platform@7.2.0
132 silly packumentCache full:https://registry.npmjs.org/@prisma%2fget-platform cache-miss
133 http fetch GET 200 https://registry.npmjs.org/@hono%2fnode-server 760ms (cache miss)
134 silly packumentCache full:https://registry.npmjs.org/@hono%2fnode-server set size:undefined disposed:false
135 silly fetch manifest @prisma/streams-local@0.1.2
136 silly packumentCache full:https://registry.npmjs.org/@prisma%2fstreams-local cache-miss
137 http fetch GET 200 https://registry.npmjs.org/get-port-please 1053ms (cache miss)
138 silly packumentCache full:https://registry.npmjs.org/get-port-please set size:undefined disposed:false
139 silly fetch manifest @electric-sql/pglite-tools@0.3.1
140 silly packumentCache full:https://registry.npmjs.org/@electric-sql%2fpglite-tools cache-miss
141 http fetch GET 200 https://registry.npmjs.org/std-env 1530ms (cache miss)
142 silly packumentCache full:https://registry.npmjs.org/std-env set size:undefined disposed:false
143 silly fetch manifest @electric-sql/pglite-socket@0.1.1
144 silly packumentCache full:https://registry.npmjs.org/@electric-sql%2fpglite-socket cache-miss
145 http fetch GET 200 https://registry.npmjs.org/http-status-codes 356ms (cache miss)
146 silly packumentCache full:https://registry.npmjs.org/http-status-codes set size:undefined disposed:false
147 silly fetch manifest @prisma/query-plan-executor@7.2.0
148 silly packumentCache full:https://registry.npmjs.org/@prisma%2fquery-plan-executor cache-miss
149 http fetch GET 200 https://registry.npmjs.org/effect 2205ms (cache miss)
150 silly packumentCache full:https://registry.npmjs.org/effect set size:undefined disposed:false
151 silly fetch manifest @prisma/debug@7.8.0
152 silly packumentCache full:https://registry.npmjs.org/@prisma%2fdebug cache-miss
153 http fetch GET 200 https://registry.npmjs.org/@electric-sql%2fpglite-socket 812ms (cache miss)
154 silly packumentCache full:https://registry.npmjs.org/@electric-sql%2fpglite-socket set size:undefined disposed:false
155 silly fetch manifest @prisma/fetch-engine@7.8.0
156 silly packumentCache full:https://registry.npmjs.org/@prisma%2ffetch-engine cache-miss
157 http fetch GET 200 https://registry.npmjs.org/@electric-sql%2fpglite 1024ms (cache miss)
158 silly packumentCache full:https://registry.npmjs.org/@electric-sql%2fpglite set size:undefined disposed:false
159 silly fetch manifest @prisma/get-platform@7.8.0
160 silly packumentCache full:https://registry.npmjs.org/@prisma%2fget-platform cache-miss
161 http fetch GET 200 https://registry.npmjs.org/@prisma%2fstreams-local 867ms (cache miss)
162 silly packumentCache full:https://registry.npmjs.org/@prisma%2fstreams-local set size:undefined disposed:false
163 silly fetch manifest @prisma/engines-version@7.8.0-6.3c6e192761c0362d496ed980de936e2f3cebcd3a
164 silly packumentCache full:https://registry.npmjs.org/@prisma%2fengines-version cache-miss
165 http fetch GET 200 https://registry.npmjs.org/@electric-sql%2fpglite-tools 873ms (cache miss)
166 silly packumentCache full:https://registry.npmjs.org/@electric-sql%2fpglite-tools set size:undefined disposed:false
167 silly fetch manifest chart.js@4.5.1
168 silly packumentCache full:https://registry.npmjs.org/chart.js cache-miss
169 http fetch GET 200 https://registry.npmjs.org/@prisma%2fquery-plan-executor 845ms (cache miss)
170 silly packumentCache full:https://registry.npmjs.org/@prisma%2fquery-plan-executor set size:undefined disposed:false
171 silly fetch manifest @radix-ui/react-toggle@1.1.10
172 silly packumentCache full:https://registry.npmjs.org/@radix-ui%2freact-toggle cache-miss
173 http fetch GET 200 https://registry.npmjs.org/chart.js 251ms (cache miss)
174 silly packumentCache full:https://registry.npmjs.org/chart.js set size:undefined disposed:false
175 silly fetch manifest long@^5.2.1
176 silly packumentCache full:https://registry.npmjs.org/long cache-miss
177 http fetch GET 200 https://registry.npmjs.org/long 526ms (cache miss)
178 silly packumentCache full:https://registry.npmjs.org/long set size:undefined disposed:false
179 silly fetch manifest denque@^2.1.0
180 silly packumentCache full:https://registry.npmjs.org/denque cache-miss
181 http fetch GET 200 https://registry.npmjs.org/denque 389ms (cache miss)
182 silly packumentCache full:https://registry.npmjs.org/denque set size:undefined disposed:false
183 silly fetch manifest lru.min@^1.0.0
184 silly packumentCache full:https://registry.npmjs.org/lru.min cache-miss
185 http fetch GET 200 https://registry.npmjs.org/lru.min 456ms (cache miss)
186 silly packumentCache full:https://registry.npmjs.org/lru.min set size:undefined disposed:false
187 silly fetch manifest seq-queue@^0.0.5
188 silly packumentCache full:https://registry.npmjs.org/seq-queue cache-miss
189 http fetch GET 200 https://registry.npmjs.org/seq-queue 562ms (cache miss)
190 silly packumentCache full:https://registry.npmjs.org/seq-queue set size:undefined disposed:false
191 silly fetch manifest sqlstring@^2.3.2
192 silly packumentCache full:https://registry.npmjs.org/sqlstring cache-miss
193 http fetch GET 200 https://registry.npmjs.org/@radix-ui%2freact-toggle 2179ms (cache miss)
194 silly packumentCache full:https://registry.npmjs.org/@radix-ui%2freact-toggle set size:undefined disposed:false
195 silly fetch manifest iconv-lite@^0.7.0
196 silly packumentCache full:https://registry.npmjs.org/iconv-lite cache-miss
197 http fetch GET 200 https://registry.npmjs.org/sqlstring 317ms (cache miss)
198 silly packumentCache full:https://registry.npmjs.org/sqlstring set size:undefined disposed:false
199 silly fetch manifest aws-ssl-profiles@^1.1.1
200 silly packumentCache full:https://registry.npmjs.org/aws-ssl-profiles cache-miss
201 http fetch GET 200 https://registry.npmjs.org/iconv-lite 594ms (cache miss)
202 silly packumentCache full:https://registry.npmjs.org/iconv-lite set size:undefined disposed:false
203 silly fetch manifest generate-function@^2.3.1
204 silly packumentCache full:https://registry.npmjs.org/generate-function cache-miss
205 http fetch GET 200 https://registry.npmjs.org/aws-ssl-profiles 647ms (cache miss)
206 silly packumentCache full:https://registry.npmjs.org/aws-ssl-profiles set size:undefined disposed:false
207 silly fetch manifest named-placeholders@^1.1.3
208 silly packumentCache full:https://registry.npmjs.org/named-placeholders cache-miss
209 http fetch GET 200 https://registry.npmjs.org/generate-function 516ms (cache miss)
210 silly packumentCache full:https://registry.npmjs.org/generate-function set size:undefined disposed:false
211 http fetch GET 200 https://registry.npmjs.org/named-placeholders 706ms (cache miss)
212 silly packumentCache full:https://registry.npmjs.org/named-placeholders set size:undefined disposed:false
213 http fetch GET 200 https://registry.npmjs.org/@prisma%2fengines-version 13583ms (cache miss)
214 silly packumentCache full:https://registry.npmjs.org/@prisma%2fengines-version set size:undefined disposed:false
215 http fetch GET 200 https://registry.npmjs.org/@prisma%2ffetch-engine 23530ms (cache miss)
216 silly packumentCache full:https://registry.npmjs.org/@prisma%2ffetch-engine set size:undefined disposed:false
217 http fetch GET 200 https://registry.npmjs.org/@prisma%2fget-platform 23708ms (cache miss)
218 silly packumentCache full:https://registry.npmjs.org/@prisma%2fget-platform set size:undefined disposed:false
219 http fetch GET 200 https://registry.npmjs.org/@prisma%2fdebug 29188ms (cache miss)
220 silly packumentCache full:https://registry.npmjs.org/@prisma%2fdebug set size:undefined disposed:false
221 http fetch GET 200 https://registry.npmjs.org/@prisma%2fget-platform 40593ms (cache miss)
222 silly packumentCache full:https://registry.npmjs.org/@prisma%2fget-platform set size:undefined disposed:false
223 silly fetch manifest magicast@*
224 silly packumentCache full:https://registry.npmjs.org/magicast cache-miss
225 http fetch GET 200 https://registry.npmjs.org/magicast 441ms (cache miss)
226 silly packumentCache full:https://registry.npmjs.org/magicast set size:undefined disposed:false
227 silly placeDep ROOT c12@3.3.4 OK for: @prisma/config@7.8.0 want: 3.3.4
228 silly placeDep ROOT deepmerge-ts@7.1.5 OK for: @prisma/config@7.8.0 want: 7.1.5
229 silly placeDep ROOT effect@3.20.0 OK for: @prisma/config@7.8.0 want: 3.20.0
230 silly placeDep ROOT empathic@2.0.0 OK for: @prisma/config@7.8.0 want: 2.0.0
231 silly fetch manifest rc9@^3.0.1
232 silly packumentCache full:https://registry.npmjs.org/rc9 cache-miss
233 silly fetch manifest defu@^6.1.6
234 silly packumentCache full:https://registry.npmjs.org/defu cache-miss
235 silly fetch manifest jiti@^2.6.1
236 silly packumentCache full:https://registry.npmjs.org/jiti cache-miss
237 silly fetch manifest giget@^3.2.0
238 silly packumentCache full:https://registry.npmjs.org/giget cache-miss
239 silly fetch manifest ohash@^2.0.11
240 silly packumentCache full:https://registry.npmjs.org/ohash cache-miss
241 silly fetch manifest pathe@^2.0.3
242 silly packumentCache full:https://registry.npmjs.org/pathe cache-miss
243 silly fetch manifest dotenv@^17.3.1
244 silly packumentCache full:https://registry.npmjs.org/dotenv cache-miss
245 http cache https://registry.npmjs.org/pathe 19ms (cache hit)
246 silly packumentCache full:https://registry.npmjs.org/pathe set size:68788 disposed:false
247 silly fetch manifest confbox@^0.2.4
248 silly packumentCache full:https://registry.npmjs.org/confbox cache-miss
249 http fetch GET 200 https://registry.npmjs.org/dotenv 286ms (cache miss)
250 silly packumentCache full:https://registry.npmjs.org/dotenv set size:undefined disposed:false
251 silly fetch manifest exsolve@^1.0.8
252 silly packumentCache full:https://registry.npmjs.org/exsolve cache-miss
253 http fetch GET 200 https://registry.npmjs.org/rc9 385ms (cache miss)
254 silly packumentCache full:https://registry.npmjs.org/rc9 set size:undefined disposed:false
255 silly fetch manifest chokidar@^5.0.0
256 silly packumentCache full:https://registry.npmjs.org/chokidar cache-miss
257 http fetch GET 200 https://registry.npmjs.org/confbox 374ms (cache miss)
258 silly packumentCache full:https://registry.npmjs.org/confbox set size:undefined disposed:false
259 silly fetch manifest pkg-types@^2.3.0
260 silly packumentCache full:https://registry.npmjs.org/pkg-types cache-miss
261 http fetch GET 200 https://registry.npmjs.org/giget 412ms (cache miss)
262 silly packumentCache full:https://registry.npmjs.org/giget set size:undefined disposed:false
263 silly fetch manifest perfect-debounce@^2.1.0
264 silly packumentCache full:https://registry.npmjs.org/perfect-debounce cache-miss
265 http fetch GET 200 https://registry.npmjs.org/defu 508ms (cache miss)
266 silly packumentCache full:https://registry.npmjs.org/defu set size:undefined disposed:false
267 silly fetch manifest fast-check@^3.23.1
268 silly packumentCache full:https://registry.npmjs.org/fast-check cache-miss
269 http fetch GET 200 https://registry.npmjs.org/ohash 511ms (cache miss)
270 silly packumentCache full:https://registry.npmjs.org/ohash set size:undefined disposed:false
271 silly fetch manifest @standard-schema/spec@^1.0.0
272 silly packumentCache full:https://registry.npmjs.org/@standard-schema%2fspec cache-miss
273 http fetch GET 200 https://registry.npmjs.org/chokidar 206ms (cache miss)
274 silly packumentCache full:https://registry.npmjs.org/chokidar set size:undefined disposed:false
275 http fetch GET 200 https://registry.npmjs.org/perfect-debounce 210ms (cache miss)
276 silly packumentCache full:https://registry.npmjs.org/perfect-debounce set size:undefined disposed:false
277 http fetch GET 200 https://registry.npmjs.org/jiti 690ms (cache miss)
278 silly packumentCache full:https://registry.npmjs.org/jiti set size:undefined disposed:false
279 http fetch GET 200 https://registry.npmjs.org/exsolve 412ms (cache miss)
280 silly packumentCache full:https://registry.npmjs.org/exsolve set size:undefined disposed:false
281 http fetch GET 200 https://registry.npmjs.org/pkg-types 415ms (cache miss)
282 silly packumentCache full:https://registry.npmjs.org/pkg-types set size:undefined disposed:false
283 http fetch GET 200 https://registry.npmjs.org/@standard-schema%2fspec 787ms (cache miss)
284 silly packumentCache full:https://registry.npmjs.org/@standard-schema%2fspec set size:undefined disposed:false
285 http fetch GET 200 https://registry.npmjs.org/fast-check 885ms (cache miss)
286 silly packumentCache full:https://registry.npmjs.org/fast-check set size:undefined disposed:false
287 silly fetch manifest typescript@>=5
288 silly packumentCache full:https://registry.npmjs.org/typescript cache-miss
289 http cache https://registry.npmjs.org/typescript 43ms (cache hit)
290 silly packumentCache full:https://registry.npmjs.org/typescript set size:15409943 disposed:false
291 silly placeDep ROOT @electric-sql/pglite@0.4.1 OK for: @prisma/dev@0.24.3 want: 0.4.1
292 silly placeDep ROOT @electric-sql/pglite-socket@0.1.1 OK for: @prisma/dev@0.24.3 want: 0.1.1
293 silly placeDep ROOT @electric-sql/pglite-tools@0.3.1 OK for: @prisma/dev@0.24.3 want: 0.3.1
294 silly placeDep ROOT @hono/node-server@1.19.11 OK for: @prisma/dev@0.24.3 want: 1.19.11
295 silly placeDep ROOT hono@4.12.19 OK for: @hono/node-server@1.19.11 want: ^4
296 silly placeDep ROOT @prisma/get-platform@7.2.0 OK for: @prisma/dev@0.24.3 want: 7.2.0
297 silly placeDep ROOT @prisma/query-plan-executor@7.2.0 OK for: @prisma/dev@0.24.3 want: 7.2.0
298 silly placeDep ROOT @prisma/streams-local@0.1.2 OK for: @prisma/dev@0.24.3 want: 0.1.2
299 silly placeDep ROOT foreground-child@3.3.1 OK for: @prisma/dev@0.24.3 want: 3.3.1
300 silly placeDep ROOT get-port-please@3.2.0 OK for: @prisma/dev@0.24.3 want: 3.2.0
301 silly placeDep ROOT http-status-codes@2.3.0 OK for: @prisma/dev@0.24.3 want: 2.3.0
302 silly placeDep ROOT pathe@2.0.3 OK for: @prisma/dev@0.24.3 want: 2.0.3
303 silly placeDep ROOT proper-lockfile@4.1.2 OK for: @prisma/dev@0.24.3 want: 4.1.2
304 silly placeDep ROOT remeda@2.33.4 OK for: @prisma/dev@0.24.3 want: 2.33.4
305 silly placeDep ROOT std-env@3.10.0 OK for: @prisma/dev@0.24.3 want: 3.10.0
306 silly placeDep ROOT valibot@1.2.0 OK for: @prisma/dev@0.24.3 want: 1.2.0
307 silly placeDep ROOT zeptomatch@2.1.0 OK for: @prisma/dev@0.24.3 want: 2.1.0
308 silly fetch manifest @prisma/debug@7.2.0
309 silly packumentCache full:https://registry.npmjs.org/@prisma%2fdebug cache-miss
310 silly fetch manifest ajv@^8.12.0
311 silly packumentCache full:https://registry.npmjs.org/ajv cache-miss
312 silly fetch manifest env-paths@^3.0.0
313 silly packumentCache full:https://registry.npmjs.org/env-paths cache-miss
314 silly fetch manifest better-result@^2.7.0
315 silly packumentCache full:https://registry.npmjs.org/better-result cache-miss
316 silly fetch manifest proper-lockfile@^4.1.2
317 silly packumentCache full:https://registry.npmjs.org/proper-lockfile cache-miss
318 silly fetch manifest cross-spawn@^7.0.6
319 silly packumentCache full:https://registry.npmjs.org/cross-spawn cache-miss
320 silly fetch manifest signal-exit@^4.0.1
321 silly packumentCache full:https://registry.npmjs.org/signal-exit cache-miss
322 http cache https://registry.npmjs.org/proper-lockfile 27ms (cache hit)
323 silly packumentCache full:https://registry.npmjs.org/proper-lockfile set size:82421 disposed:false
324 silly fetch manifest graceful-fs@^4.2.4
325 silly packumentCache full:https://registry.npmjs.org/graceful-fs cache-miss
326 http cache https://registry.npmjs.org/@prisma%2fdebug 112ms (cache hit)
327 silly packumentCache full:https://registry.npmjs.org/@prisma%2fdebug set size:28702879 disposed:false
328 silly fetch manifest retry@^0.12.0
329 silly packumentCache full:https://registry.npmjs.org/retry cache-miss
330 http fetch GET 200 https://registry.npmjs.org/graceful-fs 310ms (cache revalidated)
331 silly packumentCache full:https://registry.npmjs.org/graceful-fs set size:124285 disposed:false
332 silly fetch manifest signal-exit@^3.0.2
333 silly packumentCache full:https://registry.npmjs.org/signal-exit cache-miss
334 http fetch GET 200 https://registry.npmjs.org/env-paths 359ms (cache miss)
335 silly packumentCache full:https://registry.npmjs.org/env-paths set size:undefined disposed:false
336 silly fetch manifest grammex@^3.1.11
337 silly packumentCache full:https://registry.npmjs.org/grammex cache-miss
338 http fetch GET 200 https://registry.npmjs.org/cross-spawn 367ms (cache miss)
339 silly packumentCache full:https://registry.npmjs.org/cross-spawn set size:undefined disposed:false
340 silly fetch manifest graphmatch@^1.1.0
341 silly packumentCache full:https://registry.npmjs.org/graphmatch cache-miss
342 http fetch GET 200 https://registry.npmjs.org/signal-exit 373ms (cache miss)
343 silly packumentCache full:https://registry.npmjs.org/signal-exit set size:undefined disposed:false
344 http fetch GET 200 https://registry.npmjs.org/better-result 383ms (cache miss)
345 silly packumentCache full:https://registry.npmjs.org/better-result set size:undefined disposed:false
346 http fetch GET 200 https://registry.npmjs.org/ajv 391ms (cache miss)
347 silly packumentCache full:https://registry.npmjs.org/ajv set size:undefined disposed:false
348 http fetch GET 200 https://registry.npmjs.org/signal-exit 84ms (cache miss)
349 silly packumentCache full:https://registry.npmjs.org/signal-exit set size:undefined disposed:false
350 http fetch GET 200 https://registry.npmjs.org/retry 437ms (cache miss)
351 silly packumentCache full:https://registry.npmjs.org/retry set size:undefined disposed:false
352 http fetch GET 200 https://registry.npmjs.org/grammex 408ms (cache miss)
353 silly packumentCache full:https://registry.npmjs.org/grammex set size:undefined disposed:false
354 http fetch GET 200 https://registry.npmjs.org/graphmatch 399ms (cache miss)
355 silly packumentCache full:https://registry.npmjs.org/graphmatch set size:undefined disposed:false
356 silly placeDep ROOT @prisma/debug@7.8.0 OK for: @prisma/engines@7.8.0 want: 7.8.0
357 silly placeDep ROOT @prisma/engines-version@7.8.0-6.3c6e192761c0362d496ed980de936e2f3cebcd3a OK for: @prisma/engines@7.8.0 want: 7.8.0-6.3c6e192761c0362d496ed980de936e2f3cebcd3a
358 silly placeDep ROOT @prisma/fetch-engine@7.8.0 OK for: @prisma/engines@7.8.0 want: 7.8.0
359 silly placeDep node_modules/@prisma/engines @prisma/get-platform@7.8.0 OK for: @prisma/engines@7.8.0 want: 7.8.0
360 silly placeDep node_modules/@prisma/fetch-engine @prisma/get-platform@7.8.0 OK for: @prisma/fetch-engine@7.8.0 want: 7.8.0
361 silly placeDep node_modules/@prisma/get-platform @prisma/debug@7.2.0 OK for: @prisma/get-platform@7.2.0 want: 7.2.0
362 silly placeDep ROOT ajv@8.20.0 OK for: @prisma/streams-local@0.1.2 want: ^8.12.0
363 silly placeDep ROOT better-result@2.9.2 OK for: @prisma/streams-local@0.1.2 want: ^2.7.0
364 silly placeDep ROOT env-paths@3.0.0 OK for: @prisma/streams-local@0.1.2 want: ^3.0.0
365 silly fetch manifest fast-deep-equal@^3.1.3
366 silly packumentCache full:https://registry.npmjs.org/fast-deep-equal cache-miss
367 silly fetch manifest fast-uri@^3.0.1
368 silly packumentCache full:https://registry.npmjs.org/fast-uri cache-miss
369 silly fetch manifest json-schema-traverse@^1.0.0
370 silly packumentCache full:https://registry.npmjs.org/json-schema-traverse cache-miss
371 silly fetch manifest require-from-string@^2.0.2
372 silly packumentCache full:https://registry.npmjs.org/require-from-string cache-miss
373 http fetch GET 200 https://registry.npmjs.org/require-from-string 172ms (cache miss)
374 silly packumentCache full:https://registry.npmjs.org/require-from-string set size:undefined disposed:false
375 http fetch GET 200 https://registry.npmjs.org/json-schema-traverse 188ms (cache miss)
376 silly packumentCache full:https://registry.npmjs.org/json-schema-traverse set size:undefined disposed:false
377 http fetch GET 200 https://registry.npmjs.org/fast-uri 189ms (cache miss)
378 silly packumentCache full:https://registry.npmjs.org/fast-uri set size:undefined disposed:false
379 http fetch GET 200 https://registry.npmjs.org/fast-deep-equal 259ms (cache miss)
380 silly packumentCache full:https://registry.npmjs.org/fast-deep-equal set size:undefined disposed:false
381 silly fetch manifest @types/react-dom@*
382 silly packumentCache full:https://registry.npmjs.org/@types%2freact-dom cache-miss
383 http fetch GET 200 https://registry.npmjs.org/@types%2freact-dom 91ms (cache revalidated)
384 silly packumentCache full:https://registry.npmjs.org/@types%2freact-dom set size:429026 disposed:false
385 silly placeDep ROOT @radix-ui/react-toggle@1.1.10 OK for: @prisma/studio-core@0.27.3 want: 1.1.10
386 silly placeDep ROOT chart.js@4.5.1 OK for: @prisma/studio-core@0.27.3 want: 4.5.1
387 silly fetch manifest @radix-ui/primitive@1.1.3
388 silly packumentCache full:https://registry.npmjs.org/@radix-ui%2fprimitive cache-miss
389 silly fetch manifest @radix-ui/react-primitive@2.1.3
390 silly packumentCache full:https://registry.npmjs.org/@radix-ui%2freact-primitive cache-miss
391 silly fetch manifest @radix-ui/react-use-controllable-state@1.2.2
392 silly packumentCache full:https://registry.npmjs.org/@radix-ui%2freact-use-controllable-state cache-miss
393 silly fetch manifest @kurkle/color@^0.3.0
394 silly packumentCache full:https://registry.npmjs.org/@kurkle%2fcolor cache-miss
395 http fetch GET 200 https://registry.npmjs.org/@radix-ui%2fprimitive 135ms (cache miss)
396 silly packumentCache full:https://registry.npmjs.org/@radix-ui%2fprimitive set size:undefined disposed:false
397 http fetch GET 200 https://registry.npmjs.org/@radix-ui%2freact-use-controllable-state 312ms (cache miss)
398 silly packumentCache full:https://registry.npmjs.org/@radix-ui%2freact-use-controllable-state set size:undefined disposed:false
399 http fetch GET 200 https://registry.npmjs.org/@kurkle%2fcolor 912ms (cache miss)
400 silly packumentCache full:https://registry.npmjs.org/@kurkle%2fcolor set size:undefined disposed:false
401 http fetch GET 200 https://registry.npmjs.org/@radix-ui%2freact-primitive 919ms (cache miss)
402 silly packumentCache full:https://registry.npmjs.org/@radix-ui%2freact-primitive set size:undefined disposed:false
403 silly fetch manifest @types/react@*
404 silly packumentCache full:https://registry.npmjs.org/@types%2freact cache-miss
405 http cache https://registry.npmjs.org/@types%2freact 17ms (cache hit)
406 silly packumentCache full:https://registry.npmjs.org/@types%2freact set size:2588964 disposed:false
407 silly fetch manifest react@^16.8 || ^17.0 || ^18.0 || ^19.0 || ^19.0.0-rc
408 silly packumentCache full:https://registry.npmjs.org/react cache-miss
409 http cache https://registry.npmjs.org/react 37ms (cache hit)
410 silly packumentCache full:https://registry.npmjs.org/react set size:6650647 disposed:false
411 silly fetch manifest react-dom@^16.8 || ^17.0 || ^18.0 || ^19.0 || ^19.0.0-rc
412 silly packumentCache full:https://registry.npmjs.org/react-dom cache-miss
413 http cache https://registry.npmjs.org/react-dom 75ms (cache hit)
414 silly packumentCache full:https://registry.npmjs.org/react-dom set size:8868827 disposed:false
415 silly placeDep ROOT @radix-ui/primitive@1.1.3 OK for: @radix-ui/react-toggle@1.1.10 want: 1.1.3
416 silly placeDep ROOT @radix-ui/react-primitive@2.1.3 OK for: @radix-ui/react-toggle@1.1.10 want: 2.1.3
417 silly placeDep ROOT @radix-ui/react-use-controllable-state@1.2.2 OK for: @radix-ui/react-toggle@1.1.10 want: 1.2.2
418 silly fetch manifest @radix-ui/react-slot@1.2.3
419 silly packumentCache full:https://registry.npmjs.org/@radix-ui%2freact-slot cache-miss
420 silly fetch manifest @radix-ui/react-use-effect-event@0.0.2
421 silly packumentCache full:https://registry.npmjs.org/@radix-ui%2freact-use-effect-event cache-miss
422 silly fetch manifest @radix-ui/react-use-layout-effect@1.1.1
423 silly packumentCache full:https://registry.npmjs.org/@radix-ui%2freact-use-layout-effect cache-miss
424 http fetch GET 200 https://registry.npmjs.org/@radix-ui%2freact-use-layout-effect 342ms (cache miss)
425 silly packumentCache full:https://registry.npmjs.org/@radix-ui%2freact-use-layout-effect set size:undefined disposed:false
426 http fetch GET 200 https://registry.npmjs.org/@radix-ui%2freact-use-effect-event 478ms (cache miss)
427 silly packumentCache full:https://registry.npmjs.org/@radix-ui%2freact-use-effect-event set size:undefined disposed:false
428 http fetch GET 200 https://registry.npmjs.org/@radix-ui%2freact-slot 536ms (cache miss)
429 silly packumentCache full:https://registry.npmjs.org/@radix-ui%2freact-slot set size:undefined disposed:false
430 silly placeDep ROOT @radix-ui/react-slot@1.2.3 OK for: @radix-ui/react-primitive@2.1.3 want: 1.2.3
431 silly fetch manifest @radix-ui/react-compose-refs@1.1.2
432 silly packumentCache full:https://registry.npmjs.org/@radix-ui%2freact-compose-refs cache-miss
433 http fetch GET 200 https://registry.npmjs.org/@radix-ui%2freact-compose-refs 427ms (cache miss)
434 silly packumentCache full:https://registry.npmjs.org/@radix-ui%2freact-compose-refs set size:undefined disposed:false
435 silly placeDep ROOT @radix-ui/react-compose-refs@1.1.2 OK for: @radix-ui/react-slot@1.2.3 want: 1.1.2
436 silly placeDep ROOT @radix-ui/react-use-effect-event@0.0.2 OK for: @radix-ui/react-use-controllable-state@1.2.2 want: 0.0.2
437 silly placeDep ROOT @radix-ui/react-use-layout-effect@1.1.1 OK for: @radix-ui/react-use-controllable-state@1.2.2 want: 1.1.1
438 silly placeDep ROOT fast-deep-equal@3.1.3 OK for: ajv@8.20.0 want: ^3.1.3
439 silly placeDep ROOT fast-uri@3.1.2 OK for: ajv@8.20.0 want: ^3.0.1
440 silly placeDep ROOT json-schema-traverse@1.0.0 OK for: ajv@8.20.0 want: ^1.0.0
441 silly placeDep ROOT require-from-string@2.0.2 OK for: ajv@8.20.0 want: ^2.0.2
442 silly placeDep ROOT chokidar@5.0.0 OK for: c12@3.3.4 want: ^5.0.0
443 silly placeDep ROOT confbox@0.2.4 OK for: c12@3.3.4 want: ^0.2.4
444 silly placeDep ROOT defu@6.1.7 OK for: c12@3.3.4 want: ^6.1.6
445 silly placeDep ROOT dotenv@17.4.2 OK for: c12@3.3.4 want: ^17.3.1
446 silly placeDep ROOT exsolve@1.0.8 OK for: c12@3.3.4 want: ^1.0.8
447 silly placeDep ROOT giget@3.2.0 OK for: c12@3.3.4 want: ^3.2.0
448 silly placeDep ROOT jiti@2.7.0 OK for: c12@3.3.4 want: ^2.6.1
449 silly placeDep ROOT ohash@2.0.11 OK for: c12@3.3.4 want: ^2.0.11
450 silly placeDep ROOT perfect-debounce@2.1.0 OK for: c12@3.3.4 want: ^2.1.0
451 silly placeDep ROOT pkg-types@2.3.1 OK for: c12@3.3.4 want: ^2.3.0
452 silly placeDep ROOT rc9@3.0.1 OK for: c12@3.3.4 want: ^3.0.1
453 silly fetch manifest readdirp@^5.0.0
454 silly packumentCache full:https://registry.npmjs.org/readdirp cache-miss
455 silly fetch manifest destr@^2.0.5
456 silly packumentCache full:https://registry.npmjs.org/destr cache-miss
457 http fetch GET 200 https://registry.npmjs.org/readdirp 144ms (cache miss)
458 silly packumentCache full:https://registry.npmjs.org/readdirp set size:undefined disposed:false
459 http fetch GET 200 https://registry.npmjs.org/destr 446ms (cache miss)
460 silly packumentCache full:https://registry.npmjs.org/destr set size:undefined disposed:false
461 silly placeDep ROOT @kurkle/color@0.3.4 OK for: chart.js@4.5.1 want: ^0.3.0
462 silly placeDep ROOT readdirp@5.0.0 OK for: chokidar@5.0.0 want: ^5.0.0
463 silly placeDep ROOT @standard-schema/spec@1.1.0 OK for: effect@3.20.0 want: ^1.0.0
464 silly placeDep ROOT fast-check@3.23.2 OK for: effect@3.20.0 want: ^3.23.1
465 silly fetch manifest pure-rand@^6.1.0
466 silly packumentCache full:https://registry.npmjs.org/pure-rand cache-miss
467 http fetch GET 200 https://registry.npmjs.org/pure-rand 508ms (cache miss)
468 silly packumentCache full:https://registry.npmjs.org/pure-rand set size:undefined disposed:false
469 silly placeDep ROOT pure-rand@6.1.0 OK for: fast-check@3.23.2 want: ^6.1.0
470 silly placeDep ROOT cross-spawn@7.0.6 OK for: foreground-child@3.3.1 want: ^7.0.6
471 silly placeDep ROOT signal-exit@4.1.0 OK for: foreground-child@3.3.1 want: ^4.0.1
472 silly fetch manifest which@^2.0.1
473 silly packumentCache full:https://registry.npmjs.org/which cache-miss
474 silly fetch manifest path-key@^3.1.0
475 silly packumentCache full:https://registry.npmjs.org/path-key cache-miss
476 silly fetch manifest shebang-command@^2.0.0
477 silly packumentCache full:https://registry.npmjs.org/shebang-command cache-miss
478 http fetch GET 200 https://registry.npmjs.org/shebang-command 92ms (cache miss)
479 silly packumentCache full:https://registry.npmjs.org/shebang-command set size:undefined disposed:false
480 http fetch GET 200 https://registry.npmjs.org/path-key 103ms (cache miss)
481 silly packumentCache full:https://registry.npmjs.org/path-key set size:undefined disposed:false
482 http fetch GET 200 https://registry.npmjs.org/which 411ms (cache miss)
483 silly packumentCache full:https://registry.npmjs.org/which set size:undefined disposed:false
484 silly placeDep ROOT path-key@3.1.1 OK for: cross-spawn@7.0.6 want: ^3.1.0
485 silly placeDep ROOT shebang-command@2.0.0 OK for: cross-spawn@7.0.6 want: ^2.0.0
486 silly placeDep ROOT which@2.0.2 OK for: cross-spawn@7.0.6 want: ^2.0.1
487 silly fetch manifest shebang-regex@^3.0.0
488 silly packumentCache full:https://registry.npmjs.org/shebang-regex cache-miss
489 silly fetch manifest isexe@^2.0.0
490 silly packumentCache full:https://registry.npmjs.org/isexe cache-miss
491 http fetch GET 200 https://registry.npmjs.org/shebang-regex 402ms (cache miss)
492 silly packumentCache full:https://registry.npmjs.org/shebang-regex set size:undefined disposed:false
493 http fetch GET 200 https://registry.npmjs.org/isexe 404ms (cache miss)
494 silly packumentCache full:https://registry.npmjs.org/isexe set size:undefined disposed:false
495 silly placeDep ROOT aws-ssl-profiles@1.1.2 OK for: mysql2@3.15.3 want: ^1.1.1
496 silly placeDep ROOT denque@2.1.0 OK for: mysql2@3.15.3 want: ^2.1.0
497 silly placeDep ROOT generate-function@2.3.1 OK for: mysql2@3.15.3 want: ^2.3.1
498 silly placeDep ROOT iconv-lite@0.7.2 OK for: mysql2@3.15.3 want: ^0.7.0
499 silly placeDep ROOT long@5.3.2 OK for: mysql2@3.15.3 want: ^5.2.1
500 silly placeDep ROOT lru.min@1.1.4 OK for: mysql2@3.15.3 want: ^1.0.0
501 silly placeDep ROOT named-placeholders@1.1.6 OK for: mysql2@3.15.3 want: ^1.1.3
502 silly placeDep ROOT seq-queue@0.0.5 OK for: mysql2@3.15.3 want: ^0.0.5
503 silly placeDep ROOT sqlstring@2.3.3 OK for: mysql2@3.15.3 want: ^2.3.2
504 silly fetch manifest is-property@^1.0.2
505 silly packumentCache full:https://registry.npmjs.org/is-property cache-miss
506 silly fetch manifest safer-buffer@>= 2.1.2 < 3.0.0
507 silly packumentCache full:https://registry.npmjs.org/safer-buffer cache-miss
508 http fetch GET 200 https://registry.npmjs.org/safer-buffer 165ms (cache miss)
509 silly packumentCache full:https://registry.npmjs.org/safer-buffer set size:undefined disposed:false
510 http fetch GET 200 https://registry.npmjs.org/is-property 378ms (cache miss)
511 silly packumentCache full:https://registry.npmjs.org/is-property set size:undefined disposed:false
512 silly placeDep ROOT is-property@1.0.2 OK for: generate-function@2.3.1 want: ^1.0.2
513 silly placeDep ROOT safer-buffer@2.1.2 OK for: iconv-lite@0.7.2 want: >= 2.1.2 < 3.0.0
514 silly placeDep ROOT graceful-fs@4.2.11 OK for: proper-lockfile@4.1.2 want: ^4.2.4
515 silly placeDep ROOT retry@0.12.0 OK for: proper-lockfile@4.1.2 want: ^0.12.0
516 silly placeDep node_modules/proper-lockfile signal-exit@3.0.7 OK for: proper-lockfile@4.1.2 want: ^3.0.2
517 silly placeDep ROOT destr@2.0.5 OK for: rc9@3.0.1 want: ^2.0.5
518 silly placeDep ROOT shebang-regex@3.0.0 OK for: shebang-command@2.0.0 want: ^3.0.0
519 silly placeDep ROOT isexe@2.0.0 OK for: which@2.0.2 want: ^2.0.0
520 silly placeDep ROOT grammex@3.1.12 OK for: zeptomatch@2.1.0 want: ^3.1.11
521 silly placeDep ROOT graphmatch@1.1.1 OK for: zeptomatch@2.1.0 want: ^1.1.0
522 silly reify moves {}
523 http cache grammex@https://registry.npmjs.org/grammex/-/grammex-3.1.12.tgz 0ms (cache hit)
524 http cache graphmatch@https://registry.npmjs.org/graphmatch/-/graphmatch-1.1.1.tgz 0ms (cache hit)
525 http cache isexe@https://registry.npmjs.org/isexe/-/isexe-2.0.0.tgz 0ms (cache hit)
526 http cache shebang-regex@https://registry.npmjs.org/shebang-regex/-/shebang-regex-3.0.0.tgz 0ms (cache hit)
527 http cache destr@https://registry.npmjs.org/destr/-/destr-2.0.5.tgz 0ms (cache hit)
528 http cache retry@https://registry.npmjs.org/retry/-/retry-0.12.0.tgz 0ms (cache hit)
529 http cache graceful-fs@https://registry.npmjs.org/graceful-fs/-/graceful-fs-4.2.11.tgz 0ms (cache hit)
530 http cache safer-buffer@https://registry.npmjs.org/safer-buffer/-/safer-buffer-2.1.2.tgz 0ms (cache hit)
531 http cache is-property@https://registry.npmjs.org/is-property/-/is-property-1.0.2.tgz 0ms (cache hit)
532 http cache seq-queue@https://registry.npmjs.org/seq-queue/-/seq-queue-0.0.5.tgz 0ms (cache hit)
533 http cache sqlstring@https://registry.npmjs.org/sqlstring/-/sqlstring-2.3.3.tgz 0ms (cache hit)
534 http cache named-placeholders@https://registry.npmjs.org/named-placeholders/-/named-placeholders-1.1.6.tgz 0ms (cache hit)
535 http cache lru.min@https://registry.npmjs.org/lru.min/-/lru.min-1.1.4.tgz 0ms (cache hit)
536 http cache long@https://registry.npmjs.org/long/-/long-5.3.2.tgz 0ms (cache hit)
537 http cache iconv-lite@https://registry.npmjs.org/iconv-lite/-/iconv-lite-0.7.2.tgz 0ms (cache hit)
538 http cache aws-ssl-profiles@https://registry.npmjs.org/aws-ssl-profiles/-/aws-ssl-profiles-1.1.2.tgz 0ms (cache hit)
539 http cache denque@https://registry.npmjs.org/denque/-/denque-2.1.0.tgz 0ms (cache hit)
540 http cache generate-function@https://registry.npmjs.org/generate-function/-/generate-function-2.3.1.tgz 0ms (cache hit)
541 http cache shebang-command@https://registry.npmjs.org/shebang-command/-/shebang-command-2.0.0.tgz 0ms (cache hit)
542 http cache path-key@https://registry.npmjs.org/path-key/-/path-key-3.1.1.tgz 0ms (cache hit)
543 http cache which@https://registry.npmjs.org/which/-/which-2.0.2.tgz 0ms (cache hit)
544 http cache signal-exit@https://registry.npmjs.org/signal-exit/-/signal-exit-4.1.0.tgz 0ms (cache hit)
545 http cache cross-spawn@https://registry.npmjs.org/cross-spawn/-/cross-spawn-7.0.6.tgz 0ms (cache hit)
546 http cache pure-rand@https://registry.npmjs.org/pure-rand/-/pure-rand-6.1.0.tgz 0ms (cache hit)
547 http cache @standard-schema/spec@https://registry.npmjs.org/@standard-schema/spec/-/spec-1.1.0.tgz 0ms (cache hit)
548 http cache fast-check@https://registry.npmjs.org/fast-check/-/fast-check-3.23.2.tgz 0ms (cache hit)
549 http cache readdirp@https://registry.npmjs.org/readdirp/-/readdirp-5.0.0.tgz 0ms (cache hit)
550 http cache @kurkle/color@https://registry.npmjs.org/@kurkle/color/-/color-0.3.4.tgz 0ms (cache hit)
551 http cache rc9@https://registry.npmjs.org/rc9/-/rc9-3.0.1.tgz 0ms (cache hit)
552 http cache pkg-types@https://registry.npmjs.org/pkg-types/-/pkg-types-2.3.1.tgz 0ms (cache hit)
553 http cache perfect-debounce@https://registry.npmjs.org/perfect-debounce/-/perfect-debounce-2.1.0.tgz 0ms (cache hit)
554 http cache ohash@https://registry.npmjs.org/ohash/-/ohash-2.0.11.tgz 0ms (cache hit)
555 http cache jiti@https://registry.npmjs.org/jiti/-/jiti-2.7.0.tgz 0ms (cache hit)
556 http cache giget@https://registry.npmjs.org/giget/-/giget-3.2.0.tgz 0ms (cache hit)
557 http cache dotenv@https://registry.npmjs.org/dotenv/-/dotenv-17.4.2.tgz 0ms (cache hit)
558 http cache defu@https://registry.npmjs.org/defu/-/defu-6.1.7.tgz 0ms (cache hit)
559 http cache exsolve@https://registry.npmjs.org/exsolve/-/exsolve-1.0.8.tgz 0ms (cache hit)
560 http cache confbox@https://registry.npmjs.org/confbox/-/confbox-0.2.4.tgz 0ms (cache hit)
561 http cache chokidar@https://registry.npmjs.org/chokidar/-/chokidar-5.0.0.tgz 0ms (cache hit)
562 http cache require-from-string@https://registry.npmjs.org/require-from-string/-/require-from-string-2.0.2.tgz 0ms (cache hit)
563 http cache json-schema-traverse@https://registry.npmjs.org/json-schema-traverse/-/json-schema-traverse-1.0.0.tgz 0ms (cache hit)
564 http cache fast-uri@https://registry.npmjs.org/fast-uri/-/fast-uri-3.1.2.tgz 0ms (cache hit)
565 http cache fast-deep-equal@https://registry.npmjs.org/fast-deep-equal/-/fast-deep-equal-3.1.3.tgz 0ms (cache hit)
566 http cache @radix-ui/react-use-layout-effect@https://registry.npmjs.org/@radix-ui/react-use-layout-effect/-/react-use-layout-effect-1.1.1.tgz 0ms (cache hit)
567 http cache @radix-ui/react-compose-refs@https://registry.npmjs.org/@radix-ui/react-compose-refs/-/react-compose-refs-1.1.2.tgz 0ms (cache hit)
568 http cache @radix-ui/react-use-effect-event@https://registry.npmjs.org/@radix-ui/react-use-effect-event/-/react-use-effect-event-0.0.2.tgz 0ms (cache hit)
569 http cache @radix-ui/react-slot@https://registry.npmjs.org/@radix-ui/react-slot/-/react-slot-1.2.3.tgz 0ms (cache hit)
570 http cache @radix-ui/react-use-controllable-state@https://registry.npmjs.org/@radix-ui/react-use-controllable-state/-/react-use-controllable-state-1.2.2.tgz 0ms (cache hit)
571 http cache chart.js@https://registry.npmjs.org/chart.js/-/chart.js-4.5.1.tgz 0ms (cache hit)
572 http cache @radix-ui/primitive@https://registry.npmjs.org/@radix-ui/primitive/-/primitive-1.1.3.tgz 0ms (cache hit)
573 http cache env-paths@https://registry.npmjs.org/env-paths/-/env-paths-3.0.0.tgz 0ms (cache hit)
574 http cache @radix-ui/react-primitive@https://registry.npmjs.org/@radix-ui/react-primitive/-/react-primitive-2.1.3.tgz 0ms (cache hit)
575 http cache @radix-ui/react-toggle@https://registry.npmjs.org/@radix-ui/react-toggle/-/react-toggle-1.1.10.tgz 0ms (cache hit)
576 http cache ajv@https://registry.npmjs.org/ajv/-/ajv-8.20.0.tgz 0ms (cache hit)
577 http cache better-result@https://registry.npmjs.org/better-result/-/better-result-2.9.2.tgz 0ms (cache hit)
578 http cache @prisma/fetch-engine@https://registry.npmjs.org/@prisma/fetch-engine/-/fetch-engine-7.8.0.tgz 0ms (cache hit)
579 http cache @prisma/engines-version@https://registry.npmjs.org/@prisma/engines-version/-/engines-version-7.8.0-6.3c6e192761c0362d496ed980de936e2f3cebcd3a.tgz 0ms (cache hit)
580 http cache @prisma/debug@https://registry.npmjs.org/@prisma/debug/-/debug-7.8.0.tgz 0ms (cache hit)
581 http cache zeptomatch@https://registry.npmjs.org/zeptomatch/-/zeptomatch-2.1.0.tgz 0ms (cache hit)
582 http cache valibot@https://registry.npmjs.org/valibot/-/valibot-1.2.0.tgz 0ms (cache hit)
583 http cache remeda@https://registry.npmjs.org/remeda/-/remeda-2.33.4.tgz 0ms (cache hit)
584 http cache std-env@https://registry.npmjs.org/std-env/-/std-env-3.10.0.tgz 0ms (cache hit)
585 http cache proper-lockfile@https://registry.npmjs.org/proper-lockfile/-/proper-lockfile-4.1.2.tgz 0ms (cache hit)
586 http cache http-status-codes@https://registry.npmjs.org/http-status-codes/-/http-status-codes-2.3.0.tgz 0ms (cache hit)
587 http cache foreground-child@https://registry.npmjs.org/foreground-child/-/foreground-child-3.3.1.tgz 0ms (cache hit)
588 http cache @prisma/streams-local@https://registry.npmjs.org/@prisma/streams-local/-/streams-local-0.1.2.tgz 0ms (cache hit)
589 http cache @prisma/query-plan-executor@https://registry.npmjs.org/@prisma/query-plan-executor/-/query-plan-executor-7.2.0.tgz 0ms (cache hit)
590 http cache pathe@https://registry.npmjs.org/pathe/-/pathe-2.0.3.tgz 0ms (cache hit)
591 http cache @prisma/get-platform@https://registry.npmjs.org/@prisma/get-platform/-/get-platform-7.2.0.tgz 0ms (cache hit)
592 http cache get-port-please@https://registry.npmjs.org/get-port-please/-/get-port-please-3.2.0.tgz 0ms (cache hit)
593 http cache hono@https://registry.npmjs.org/hono/-/hono-4.12.19.tgz 0ms (cache hit)
594 http cache @hono/node-server@https://registry.npmjs.org/@hono/node-server/-/node-server-1.19.11.tgz 0ms (cache hit)
595 http cache @electric-sql/pglite-tools@https://registry.npmjs.org/@electric-sql/pglite-tools/-/pglite-tools-0.3.1.tgz 0ms (cache hit)
596 http cache @electric-sql/pglite@https://registry.npmjs.org/@electric-sql/pglite/-/pglite-0.4.1.tgz 0ms (cache hit)
597 http cache @electric-sql/pglite-socket@https://registry.npmjs.org/@electric-sql/pglite-socket/-/pglite-socket-0.1.1.tgz 0ms (cache hit)
598 http cache empathic@https://registry.npmjs.org/empathic/-/empathic-2.0.0.tgz 0ms (cache hit)
599 http cache effect@https://registry.npmjs.org/effect/-/effect-3.20.0.tgz 0ms (cache hit)
600 http cache deepmerge-ts@https://registry.npmjs.org/deepmerge-ts/-/deepmerge-ts-7.1.5.tgz 0ms (cache hit)
601 http cache c12@https://registry.npmjs.org/c12/-/c12-3.3.4.tgz 0ms (cache hit)
602 http cache postgres@https://registry.npmjs.org/postgres/-/postgres-3.4.7.tgz 0ms (cache hit)
603 http cache mysql2@https://registry.npmjs.org/mysql2/-/mysql2-3.15.3.tgz 0ms (cache hit)
604 http cache @prisma/studio-core@https://registry.npmjs.org/@prisma/studio-core/-/studio-core-0.27.3.tgz 0ms (cache hit)
605 http cache @prisma/engines@https://registry.npmjs.org/@prisma/engines/-/engines-7.8.0.tgz 0ms (cache hit)
606 http cache @prisma/dev@https://registry.npmjs.org/@prisma/dev/-/dev-0.24.3.tgz 0ms (cache hit)
607 http cache @prisma/config@https://registry.npmjs.org/@prisma/config/-/config-7.8.0.tgz 0ms (cache hit)
608 http cache @prisma/client-runtime-utils@https://registry.npmjs.org/@prisma/client-runtime-utils/-/client-runtime-utils-7.8.0.tgz 0ms (cache hit)
609 http cache @prisma/client@https://registry.npmjs.org/@prisma/client/-/client-7.8.0.tgz 0ms (cache hit)
610 http cache prisma@https://registry.npmjs.org/prisma/-/prisma-7.8.0.tgz 0ms (cache hit)
611 http cache @prisma/get-platform@https://registry.npmjs.org/@prisma/get-platform/-/get-platform-7.8.0.tgz 0ms (cache hit)
612 http cache signal-exit@https://registry.npmjs.org/signal-exit/-/signal-exit-3.0.7.tgz 0ms (cache hit)
613 http cache @prisma/debug@https://registry.npmjs.org/@prisma/debug/-/debug-7.2.0.tgz 0ms (cache hit)
614 silly tarball no local data for grammex@https://registry.npmjs.org/grammex/-/grammex-3.1.12.tgz. Extracting by manifest.
615 silly tarball no local data for graphmatch@https://registry.npmjs.org/graphmatch/-/graphmatch-1.1.1.tgz. Extracting by manifest.
616 silly tarball no local data for isexe@https://registry.npmjs.org/isexe/-/isexe-2.0.0.tgz. Extracting by manifest.
617 silly tarball no local data for shebang-regex@https://registry.npmjs.org/shebang-regex/-/shebang-regex-3.0.0.tgz. Extracting by manifest.
618 silly tarball no local data for destr@https://registry.npmjs.org/destr/-/destr-2.0.5.tgz. Extracting by manifest.
619 http cache @prisma/get-platform@https://registry.npmjs.org/@prisma/get-platform/-/get-platform-7.8.0.tgz 0ms (cache hit)
620 silly tarball no local data for retry@https://registry.npmjs.org/retry/-/retry-0.12.0.tgz. Extracting by manifest.
621 silly tarball no local data for safer-buffer@https://registry.npmjs.org/safer-buffer/-/safer-buffer-2.1.2.tgz. Extracting by manifest.
622 silly tarball no local data for is-property@https://registry.npmjs.org/is-property/-/is-property-1.0.2.tgz. Extracting by manifest.
623 silly tarball no local data for seq-queue@https://registry.npmjs.org/seq-queue/-/seq-queue-0.0.5.tgz. Extracting by manifest.
624 silly tarball no local data for sqlstring@https://registry.npmjs.org/sqlstring/-/sqlstring-2.3.3.tgz. Extracting by manifest.
625 silly tarball no local data for named-placeholders@https://registry.npmjs.org/named-placeholders/-/named-placeholders-1.1.6.tgz. Extracting by manifest.
626 silly tarball no local data for lru.min@https://registry.npmjs.org/lru.min/-/lru.min-1.1.4.tgz. Extracting by manifest.
627 silly tarball no local data for long@https://registry.npmjs.org/long/-/long-5.3.2.tgz. Extracting by manifest.
628 silly tarball no local data for iconv-lite@https://registry.npmjs.org/iconv-lite/-/iconv-lite-0.7.2.tgz. Extracting by manifest.
629 silly tarball no local data for aws-ssl-profiles@https://registry.npmjs.org/aws-ssl-profiles/-/aws-ssl-profiles-1.1.2.tgz. Extracting by manifest.
630 silly tarball no local data for denque@https://registry.npmjs.org/denque/-/denque-2.1.0.tgz. Extracting by manifest.
631 silly tarball no local data for generate-function@https://registry.npmjs.org/generate-function/-/generate-function-2.3.1.tgz. Extracting by manifest.
632 silly tarball no local data for shebang-command@https://registry.npmjs.org/shebang-command/-/shebang-command-2.0.0.tgz. Extracting by manifest.
633 silly tarball no local data for path-key@https://registry.npmjs.org/path-key/-/path-key-3.1.1.tgz. Extracting by manifest.
634 silly tarball no local data for which@https://registry.npmjs.org/which/-/which-2.0.2.tgz. Extracting by manifest.
635 silly tarball no local data for signal-exit@https://registry.npmjs.org/signal-exit/-/signal-exit-4.1.0.tgz. Extracting by manifest.
636 silly tarball no local data for cross-spawn@https://registry.npmjs.org/cross-spawn/-/cross-spawn-7.0.6.tgz. Extracting by manifest.
637 silly tarball no local data for pure-rand@https://registry.npmjs.org/pure-rand/-/pure-rand-6.1.0.tgz. Extracting by manifest.
638 silly tarball no local data for @standard-schema/spec@https://registry.npmjs.org/@standard-schema/spec/-/spec-1.1.0.tgz. Extracting by manifest.
639 silly tarball no local data for fast-check@https://registry.npmjs.org/fast-check/-/fast-check-3.23.2.tgz. Extracting by manifest.
640 silly tarball no local data for readdirp@https://registry.npmjs.org/readdirp/-/readdirp-5.0.0.tgz. Extracting by manifest.
641 silly tarball no local data for @kurkle/color@https://registry.npmjs.org/@kurkle/color/-/color-0.3.4.tgz. Extracting by manifest.
642 silly tarball no local data for rc9@https://registry.npmjs.org/rc9/-/rc9-3.0.1.tgz. Extracting by manifest.
643 silly tarball no local data for pkg-types@https://registry.npmjs.org/pkg-types/-/pkg-types-2.3.1.tgz. Extracting by manifest.
644 silly tarball no local data for perfect-debounce@https://registry.npmjs.org/perfect-debounce/-/perfect-debounce-2.1.0.tgz. Extracting by manifest.
645 silly tarball no local data for ohash@https://registry.npmjs.org/ohash/-/ohash-2.0.11.tgz. Extracting by manifest.
646 silly tarball no local data for jiti@https://registry.npmjs.org/jiti/-/jiti-2.7.0.tgz. Extracting by manifest.
647 silly tarball no local data for giget@https://registry.npmjs.org/giget/-/giget-3.2.0.tgz. Extracting by manifest.
648 silly tarball no local data for dotenv@https://registry.npmjs.org/dotenv/-/dotenv-17.4.2.tgz. Extracting by manifest.
649 silly tarball no local data for defu@https://registry.npmjs.org/defu/-/defu-6.1.7.tgz. Extracting by manifest.
650 silly tarball no local data for exsolve@https://registry.npmjs.org/exsolve/-/exsolve-1.0.8.tgz. Extracting by manifest.
651 silly tarball no local data for confbox@https://registry.npmjs.org/confbox/-/confbox-0.2.4.tgz. Extracting by manifest.
652 silly tarball no local data for chokidar@https://registry.npmjs.org/chokidar/-/chokidar-5.0.0.tgz. Extracting by manifest.
653 silly tarball no local data for require-from-string@https://registry.npmjs.org/require-from-string/-/require-from-string-2.0.2.tgz. Extracting by manifest.
654 silly tarball no local data for json-schema-traverse@https://registry.npmjs.org/json-schema-traverse/-/json-schema-traverse-1.0.0.tgz. Extracting by manifest.
655 silly tarball no local data for fast-uri@https://registry.npmjs.org/fast-uri/-/fast-uri-3.1.2.tgz. Extracting by manifest.
656 silly tarball no local data for fast-deep-equal@https://registry.npmjs.org/fast-deep-equal/-/fast-deep-equal-3.1.3.tgz. Extracting by manifest.
657 silly tarball no local data for @radix-ui/react-use-layout-effect@https://registry.npmjs.org/@radix-ui/react-use-layout-effect/-/react-use-layout-effect-1.1.1.tgz. Extracting by manifest.
658 silly tarball no local data for @radix-ui/react-compose-refs@https://registry.npmjs.org/@radix-ui/react-compose-refs/-/react-compose-refs-1.1.2.tgz. Extracting by manifest.
659 silly tarball no local data for @radix-ui/react-use-effect-event@https://registry.npmjs.org/@radix-ui/react-use-effect-event/-/react-use-effect-event-0.0.2.tgz. Extracting by manifest.
660 silly tarball no local data for @radix-ui/react-slot@https://registry.npmjs.org/@radix-ui/react-slot/-/react-slot-1.2.3.tgz. Extracting by manifest.
661 silly tarball no local data for @radix-ui/react-use-controllable-state@https://registry.npmjs.org/@radix-ui/react-use-controllable-state/-/react-use-controllable-state-1.2.2.tgz. Extracting by manifest.
662 silly tarball no local data for chart.js@https://registry.npmjs.org/chart.js/-/chart.js-4.5.1.tgz. Extracting by manifest.
663 silly tarball no local data for @radix-ui/primitive@https://registry.npmjs.org/@radix-ui/primitive/-/primitive-1.1.3.tgz. Extracting by manifest.
664 silly tarball no local data for env-paths@https://registry.npmjs.org/env-paths/-/env-paths-3.0.0.tgz. Extracting by manifest.
665 silly tarball no local data for @radix-ui/react-primitive@https://registry.npmjs.org/@radix-ui/react-primitive/-/react-primitive-2.1.3.tgz. Extracting by manifest.
666 silly tarball no local data for @radix-ui/react-toggle@https://registry.npmjs.org/@radix-ui/react-toggle/-/react-toggle-1.1.10.tgz. Extracting by manifest.
667 silly tarball no local data for ajv@https://registry.npmjs.org/ajv/-/ajv-8.20.0.tgz. Extracting by manifest.
668 silly tarball no local data for better-result@https://registry.npmjs.org/better-result/-/better-result-2.9.2.tgz. Extracting by manifest.
669 silly tarball no local data for @prisma/fetch-engine@https://registry.npmjs.org/@prisma/fetch-engine/-/fetch-engine-7.8.0.tgz. Extracting by manifest.
670 silly tarball no local data for @prisma/engines-version@https://registry.npmjs.org/@prisma/engines-version/-/engines-version-7.8.0-6.3c6e192761c0362d496ed980de936e2f3cebcd3a.tgz. Extracting by manifest.
671 silly tarball no local data for @prisma/debug@https://registry.npmjs.org/@prisma/debug/-/debug-7.8.0.tgz. Extracting by manifest.
672 silly tarball no local data for zeptomatch@https://registry.npmjs.org/zeptomatch/-/zeptomatch-2.1.0.tgz. Extracting by manifest.
673 silly tarball no local data for valibot@https://registry.npmjs.org/valibot/-/valibot-1.2.0.tgz. Extracting by manifest.
674 silly tarball no local data for remeda@https://registry.npmjs.org/remeda/-/remeda-2.33.4.tgz. Extracting by manifest.
675 silly tarball no local data for std-env@https://registry.npmjs.org/std-env/-/std-env-3.10.0.tgz. Extracting by manifest.
676 silly tarball no local data for proper-lockfile@https://registry.npmjs.org/proper-lockfile/-/proper-lockfile-4.1.2.tgz. Extracting by manifest.
677 silly tarball no local data for http-status-codes@https://registry.npmjs.org/http-status-codes/-/http-status-codes-2.3.0.tgz. Extracting by manifest.
678 silly tarball no local data for foreground-child@https://registry.npmjs.org/foreground-child/-/foreground-child-3.3.1.tgz. Extracting by manifest.
679 silly tarball no local data for @prisma/streams-local@https://registry.npmjs.org/@prisma/streams-local/-/streams-local-0.1.2.tgz. Extracting by manifest.
680 silly tarball no local data for @prisma/query-plan-executor@https://registry.npmjs.org/@prisma/query-plan-executor/-/query-plan-executor-7.2.0.tgz. Extracting by manifest.
681 silly tarball no local data for pathe@https://registry.npmjs.org/pathe/-/pathe-2.0.3.tgz. Extracting by manifest.
682 silly tarball no local data for @prisma/get-platform@https://registry.npmjs.org/@prisma/get-platform/-/get-platform-7.2.0.tgz. Extracting by manifest.
683 silly tarball no local data for get-port-please@https://registry.npmjs.org/get-port-please/-/get-port-please-3.2.0.tgz. Extracting by manifest.
684 silly tarball no local data for hono@https://registry.npmjs.org/hono/-/hono-4.12.19.tgz. Extracting by manifest.
685 silly tarball no local data for @hono/node-server@https://registry.npmjs.org/@hono/node-server/-/node-server-1.19.11.tgz. Extracting by manifest.
686 silly tarball no local data for @electric-sql/pglite-tools@https://registry.npmjs.org/@electric-sql/pglite-tools/-/pglite-tools-0.3.1.tgz. Extracting by manifest.
687 silly tarball no local data for @electric-sql/pglite@https://registry.npmjs.org/@electric-sql/pglite/-/pglite-0.4.1.tgz. Extracting by manifest.
688 silly tarball no local data for @electric-sql/pglite-socket@https://registry.npmjs.org/@electric-sql/pglite-socket/-/pglite-socket-0.1.1.tgz. Extracting by manifest.
689 silly tarball no local data for empathic@https://registry.npmjs.org/empathic/-/empathic-2.0.0.tgz. Extracting by manifest.
690 silly tarball no local data for effect@https://registry.npmjs.org/effect/-/effect-3.20.0.tgz. Extracting by manifest.
691 silly tarball no local data for deepmerge-ts@https://registry.npmjs.org/deepmerge-ts/-/deepmerge-ts-7.1.5.tgz. Extracting by manifest.
692 silly tarball no local data for c12@https://registry.npmjs.org/c12/-/c12-3.3.4.tgz. Extracting by manifest.
693 silly tarball no local data for postgres@https://registry.npmjs.org/postgres/-/postgres-3.4.7.tgz. Extracting by manifest.
694 silly tarball no local data for mysql2@https://registry.npmjs.org/mysql2/-/mysql2-3.15.3.tgz. Extracting by manifest.
695 silly tarball no local data for @prisma/studio-core@https://registry.npmjs.org/@prisma/studio-core/-/studio-core-0.27.3.tgz. Extracting by manifest.
696 silly tarball no local data for @prisma/engines@https://registry.npmjs.org/@prisma/engines/-/engines-7.8.0.tgz. Extracting by manifest.
697 silly tarball no local data for @prisma/dev@https://registry.npmjs.org/@prisma/dev/-/dev-0.24.3.tgz. Extracting by manifest.
698 silly tarball no local data for @prisma/config@https://registry.npmjs.org/@prisma/config/-/config-7.8.0.tgz. Extracting by manifest.
699 silly tarball no local data for @prisma/client-runtime-utils@https://registry.npmjs.org/@prisma/client-runtime-utils/-/client-runtime-utils-7.8.0.tgz. Extracting by manifest.
700 silly tarball no local data for @prisma/client@https://registry.npmjs.org/@prisma/client/-/client-7.8.0.tgz. Extracting by manifest.
701 silly tarball no local data for prisma@https://registry.npmjs.org/prisma/-/prisma-7.8.0.tgz. Extracting by manifest.
702 silly tarball no local data for @prisma/get-platform@https://registry.npmjs.org/@prisma/get-platform/-/get-platform-7.8.0.tgz. Extracting by manifest.
703 silly tarball no local data for signal-exit@https://registry.npmjs.org/signal-exit/-/signal-exit-3.0.7.tgz. Extracting by manifest.
704 silly tarball no local data for @prisma/debug@https://registry.npmjs.org/@prisma/debug/-/debug-7.2.0.tgz. Extracting by manifest.
705 silly tarball no local data for @prisma/get-platform@https://registry.npmjs.org/@prisma/get-platform/-/get-platform-7.8.0.tgz. Extracting by manifest.
706 http fetch GET 200 https://registry.npmjs.org/graphmatch/-/graphmatch-1.1.1.tgz 389ms (cache miss)
707 http fetch GET 200 https://registry.npmjs.org/isexe/-/isexe-2.0.0.tgz 395ms (cache miss)
708 http fetch GET 200 https://registry.npmjs.org/destr/-/destr-2.0.5.tgz 397ms (cache miss)
709 http fetch GET 200 https://registry.npmjs.org/shebang-regex/-/shebang-regex-3.0.0.tgz 400ms (cache miss)
710 http fetch GET 200 https://registry.npmjs.org/grammex/-/grammex-3.1.12.tgz 465ms (cache miss)
711 http fetch GET 200 https://registry.npmjs.org/safer-buffer/-/safer-buffer-2.1.2.tgz 455ms (cache miss)
712 http fetch GET 200 https://registry.npmjs.org/retry/-/retry-0.12.0.tgz 487ms (cache miss)
713 http fetch GET 200 https://registry.npmjs.org/path-key/-/path-key-3.1.1.tgz 553ms (cache miss)
714 http fetch GET 200 https://registry.npmjs.org/denque/-/denque-2.1.0.tgz 559ms (cache miss)
715 http fetch GET 200 https://registry.npmjs.org/shebang-command/-/shebang-command-2.0.0.tgz 559ms (cache miss)
716 http fetch GET 200 https://registry.npmjs.org/which/-/which-2.0.2.tgz 558ms (cache miss)
717 http fetch GET 200 https://registry.npmjs.org/generate-function/-/generate-function-2.3.1.tgz 566ms (cache miss)
718 http fetch GET 200 https://registry.npmjs.org/cross-spawn/-/cross-spawn-7.0.6.tgz 565ms (cache miss)
719 http fetch GET 200 https://registry.npmjs.org/signal-exit/-/signal-exit-4.1.0.tgz 642ms (cache miss)
720 http fetch GET 200 https://registry.npmjs.org/readdirp/-/readdirp-5.0.0.tgz 724ms (cache miss)
721 http fetch GET 200 https://registry.npmjs.org/rc9/-/rc9-3.0.1.tgz 724ms (cache miss)
722 http fetch GET 200 https://registry.npmjs.org/is-property/-/is-property-1.0.2.tgz 747ms (cache miss)
723 http fetch GET 200 https://registry.npmjs.org/seq-queue/-/seq-queue-0.0.5.tgz 759ms (cache miss)
724 http fetch GET 200 https://registry.npmjs.org/pkg-types/-/pkg-types-2.3.1.tgz 849ms (cache miss)
725 http fetch GET 200 https://registry.npmjs.org/named-placeholders/-/named-placeholders-1.1.6.tgz 878ms (cache miss)
726 http fetch GET 200 https://registry.npmjs.org/lru.min/-/lru.min-1.1.4.tgz 912ms (cache miss)
727 http fetch GET 200 https://registry.npmjs.org/sqlstring/-/sqlstring-2.3.3.tgz 916ms (cache miss)
728 http fetch GET 200 https://registry.npmjs.org/dotenv/-/dotenv-17.4.2.tgz 998ms (cache miss)
729 http fetch GET 200 https://registry.npmjs.org/@standard-schema/spec/-/spec-1.1.0.tgz 1143ms (cache miss)
730 http fetch GET 200 https://registry.npmjs.org/require-from-string/-/require-from-string-2.0.2.tgz 1239ms (cache miss)
731 http fetch GET 200 https://registry.npmjs.org/json-schema-traverse/-/json-schema-traverse-1.0.0.tgz 1235ms (cache miss)
732 http fetch GET 200 https://registry.npmjs.org/ohash/-/ohash-2.0.11.tgz 1507ms (cache miss)
733 http fetch GET 200 https://registry.npmjs.org/@radix-ui/react-compose-refs/-/react-compose-refs-1.1.2.tgz 1466ms (cache miss)
734 http fetch GET 200 https://registry.npmjs.org/defu/-/defu-6.1.7.tgz 1533ms (cache miss)
735 http fetch GET 200 https://registry.npmjs.org/perfect-debounce/-/perfect-debounce-2.1.0.tgz 1562ms (cache miss)
736 http fetch GET 200 https://registry.npmjs.org/@kurkle/color/-/color-0.3.4.tgz 1603ms (cache miss)
737 http fetch GET 200 https://registry.npmjs.org/@radix-ui/react-use-layout-effect/-/react-use-layout-effect-1.1.1.tgz 1586ms (cache miss)
738 http fetch GET 200 https://registry.npmjs.org/fast-deep-equal/-/fast-deep-equal-3.1.3.tgz 1620ms (cache miss)
739 http fetch GET 200 https://registry.npmjs.org/exsolve/-/exsolve-1.0.8.tgz 1764ms (cache miss)
740 http fetch GET 200 https://registry.npmjs.org/aws-ssl-profiles/-/aws-ssl-profiles-1.1.2.tgz 1824ms (cache miss)
741 http fetch GET 200 https://registry.npmjs.org/env-paths/-/env-paths-3.0.0.tgz 1731ms (cache miss)
742 http fetch GET 200 https://registry.npmjs.org/chokidar/-/chokidar-5.0.0.tgz 1830ms (cache miss)
743 http fetch GET 200 https://registry.npmjs.org/@radix-ui/react-primitive/-/react-primitive-2.1.3.tgz 1773ms (cache miss)
744 http fetch GET 200 https://registry.npmjs.org/giget/-/giget-3.2.0.tgz 1883ms (cache miss)
745 http fetch GET 200 https://registry.npmjs.org/@radix-ui/react-use-effect-event/-/react-use-effect-event-0.0.2.tgz 1858ms (cache miss)
746 http fetch GET 200 https://registry.npmjs.org/zeptomatch/-/zeptomatch-2.1.0.tgz 1915ms (cache miss)
747 http fetch GET 200 https://registry.npmjs.org/long/-/long-5.3.2.tgz 2054ms (cache miss)
748 http fetch GET 200 https://registry.npmjs.org/@radix-ui/react-toggle/-/react-toggle-1.1.10.tgz 2013ms (cache miss)
749 http fetch GET 200 https://registry.npmjs.org/better-result/-/better-result-2.9.2.tgz 2036ms (cache miss)
750 http fetch GET 200 https://registry.npmjs.org/@prisma/engines-version/-/engines-version-7.8.0-6.3c6e192761c0362d496ed980de936e2f3cebcd3a.tgz 2166ms (cache miss)
751 http fetch GET 200 https://registry.npmjs.org/proper-lockfile/-/proper-lockfile-4.1.2.tgz 2144ms (cache miss)
752 http fetch GET 200 https://registry.npmjs.org/@radix-ui/react-slot/-/react-slot-1.2.3.tgz 2375ms (cache miss)
753 http fetch GET 200 https://registry.npmjs.org/pure-rand/-/pure-rand-6.1.0.tgz 2564ms (cache miss)
754 http fetch GET 200 https://registry.npmjs.org/@prisma/debug/-/debug-7.8.0.tgz 2580ms (cache miss)
755 http fetch GET 200 https://registry.npmjs.org/std-env/-/std-env-3.10.0.tgz 2574ms (cache miss)
756 http fetch GET 200 https://registry.npmjs.org/fast-uri/-/fast-uri-3.1.2.tgz 2687ms (cache miss)
757 http fetch GET 200 https://registry.npmjs.org/@radix-ui/primitive/-/primitive-1.1.3.tgz 2743ms (cache miss)
758 http fetch GET 200 https://registry.npmjs.org/@radix-ui/react-use-controllable-state/-/react-use-controllable-state-1.2.2.tgz 2758ms (cache miss)
759 http fetch GET 200 https://registry.npmjs.org/jiti/-/jiti-2.7.0.tgz 2881ms (cache miss)
760 http fetch GET 200 https://registry.npmjs.org/confbox/-/confbox-0.2.4.tgz 2865ms (cache miss)
761 http fetch GET 200 https://registry.npmjs.org/iconv-lite/-/iconv-lite-0.7.2.tgz 2928ms (cache miss)
762 http fetch GET 200 https://registry.npmjs.org/get-port-please/-/get-port-please-3.2.0.tgz 2757ms (cache miss)
763 http fetch GET 200 https://registry.npmjs.org/empathic/-/empathic-2.0.0.tgz 2769ms (cache miss)
764 http fetch GET 200 https://registry.npmjs.org/valibot/-/valibot-1.2.0.tgz 3265ms (cache miss)
765 http fetch GET 200 https://registry.npmjs.org/c12/-/c12-3.3.4.tgz 3240ms (cache miss)
766 http fetch GET 200 https://registry.npmjs.org/pathe/-/pathe-2.0.3.tgz 3327ms (cache miss)
767 http fetch GET 200 https://registry.npmjs.org/deepmerge-ts/-/deepmerge-ts-7.1.5.tgz 3352ms (cache miss)
768 http fetch GET 200 https://registry.npmjs.org/@prisma/config/-/config-7.8.0.tgz 3763ms (cache miss)
769 http fetch GET 200 https://registry.npmjs.org/signal-exit/-/signal-exit-3.0.7.tgz 3886ms (cache miss)
770 http fetch GET 200 https://registry.npmjs.org/@prisma/engines/-/engines-7.8.0.tgz 3982ms (cache miss)
771 http fetch GET 200 https://registry.npmjs.org/http-status-codes/-/http-status-codes-2.3.0.tgz 4032ms (cache miss)
772 http fetch GET 200 https://registry.npmjs.org/@prisma/streams-local/-/streams-local-0.1.2.tgz 4122ms (cache miss)
773 http fetch GET 200 https://registry.npmjs.org/foreground-child/-/foreground-child-3.3.1.tgz 4137ms (cache miss)
774 http fetch GET 200 https://registry.npmjs.org/@electric-sql/pglite-socket/-/pglite-socket-0.1.1.tgz 4150ms (cache miss)
775 http fetch GET 200 https://registry.npmjs.org/@prisma/fetch-engine/-/fetch-engine-7.8.0.tgz 4219ms (cache miss)
776 http fetch GET 200 https://registry.npmjs.org/postgres/-/postgres-3.4.7.tgz 4306ms (cache miss)
777 http fetch GET 200 https://registry.npmjs.org/@prisma/get-platform/-/get-platform-7.2.0.tgz 4328ms (cache miss)
778 http fetch GET 200 https://registry.npmjs.org/@electric-sql/pglite-tools/-/pglite-tools-0.3.1.tgz 4324ms (cache miss)
779 http fetch GET 200 https://registry.npmjs.org/@prisma/debug/-/debug-7.2.0.tgz 4438ms (cache miss)
780 http fetch GET 200 https://registry.npmjs.org/@hono/node-server/-/node-server-1.19.11.tgz 4646ms (cache miss)
781 http fetch GET 200 https://registry.npmjs.org/@prisma/query-plan-executor/-/query-plan-executor-7.2.0.tgz 4799ms (cache miss)
782 http fetch GET 200 https://registry.npmjs.org/@prisma/get-platform/-/get-platform-7.8.0.tgz 5099ms (cache miss)
783 http fetch GET 200 https://registry.npmjs.org/@prisma/client-runtime-utils/-/client-runtime-utils-7.8.0.tgz 5110ms (cache miss)
784 http fetch GET 200 https://registry.npmjs.org/@prisma/get-platform/-/get-platform-7.8.0.tgz 6149ms (cache miss)
785 http fetch GET 200 https://registry.npmjs.org/mysql2/-/mysql2-3.15.3.tgz 6396ms (cache miss)
786 http fetch GET 200 https://registry.npmjs.org/ajv/-/ajv-8.20.0.tgz 8459ms (cache miss)
787 http fetch GET 200 https://registry.npmjs.org/remeda/-/remeda-2.33.4.tgz 8846ms (cache miss)
788 http fetch GET 200 https://registry.npmjs.org/chart.js/-/chart.js-4.5.1.tgz 9670ms (cache miss)
789 http fetch GET 200 https://registry.npmjs.org/hono/-/hono-4.12.19.tgz 9647ms (cache miss)
790 http fetch GET 200 https://registry.npmjs.org/fast-check/-/fast-check-3.23.2.tgz 11863ms (cache miss)
791 http fetch GET 200 https://registry.npmjs.org/@electric-sql/pglite/-/pglite-0.4.1.tgz 13738ms (cache miss)
792 http fetch GET 200 https://registry.npmjs.org/effect/-/effect-3.20.0.tgz 18154ms (cache miss)
793 http fetch GET 200 https://registry.npmjs.org/@prisma/studio-core/-/studio-core-0.27.3.tgz 19482ms (cache miss)
794 http fetch GET 200 https://registry.npmjs.org/@prisma/dev/-/dev-0.24.3.tgz 19872ms (cache miss)
795 http fetch GET 200 https://registry.npmjs.org/prisma/-/prisma-7.8.0.tgz 45877ms (cache miss)
796 http fetch GET 200 https://registry.npmjs.org/@prisma/client/-/client-7.8.0.tgz 51249ms (cache miss)
797 info run prisma@7.8.0 preinstall node_modules/prisma node scripts/preinstall-entry.js
798 info run prisma@7.8.0 preinstall { code: 0, signal: null }
799 info run @prisma/engines@7.8.0 postinstall node_modules/@prisma/engines node scripts/postinstall.js
800 info run @prisma/engines@7.8.0 postinstall { code: 0, signal: null }
801 silly ADD node_modules/graphmatch
802 silly ADD node_modules/grammex
803 silly ADD node_modules/isexe
804 silly ADD node_modules/shebang-regex
805 silly ADD node_modules/destr
806 silly ADD node_modules/retry
807 silly ADD node_modules/graceful-fs
808 silly ADD node_modules/safer-buffer
809 silly ADD node_modules/is-property
810 silly ADD node_modules/sqlstring
811 silly ADD node_modules/seq-queue
812 silly ADD node_modules/named-placeholders
813 silly ADD node_modules/lru.min
814 silly ADD node_modules/long
815 silly ADD node_modules/iconv-lite
816 silly ADD node_modules/generate-function
817 silly ADD node_modules/denque
818 silly ADD node_modules/aws-ssl-profiles
819 silly ADD node_modules/which
820 silly ADD node_modules/shebang-command
821 silly ADD node_modules/path-key
822 silly ADD node_modules/signal-exit
823 silly ADD node_modules/cross-spawn
824 silly ADD node_modules/pure-rand
825 silly ADD node_modules/fast-check
826 silly ADD node_modules/@standard-schema/spec
827 silly ADD node_modules/readdirp
828 silly ADD node_modules/@kurkle/color
829 silly ADD node_modules/rc9
830 silly ADD node_modules/pkg-types
831 silly ADD node_modules/perfect-debounce
832 silly ADD node_modules/ohash
833 silly ADD node_modules/jiti
834 silly ADD node_modules/giget
835 silly ADD node_modules/exsolve
836 silly ADD node_modules/dotenv
837 silly ADD node_modules/defu
838 silly ADD node_modules/confbox
839 silly ADD node_modules/chokidar
840 silly ADD node_modules/require-from-string
841 silly ADD node_modules/json-schema-traverse
842 silly ADD node_modules/fast-uri
843 silly ADD node_modules/fast-deep-equal
844 silly ADD node_modules/@radix-ui/react-use-layout-effect
845 silly ADD node_modules/@radix-ui/react-use-effect-event
846 silly ADD node_modules/@radix-ui/react-compose-refs
847 silly ADD node_modules/@radix-ui/react-slot
848 silly ADD node_modules/@radix-ui/react-use-controllable-state
849 silly ADD node_modules/@radix-ui/react-primitive
850 silly ADD node_modules/@radix-ui/primitive
851 silly ADD node_modules/chart.js
852 silly ADD node_modules/@radix-ui/react-toggle
853 silly ADD node_modules/env-paths
854 silly ADD node_modules/better-result
855 silly ADD node_modules/ajv
856 silly ADD node_modules/@prisma/fetch-engine
857 silly ADD node_modules/@prisma/fetch-engine/node_modules/@prisma/get-platform
858 silly ADD node_modules/@prisma/engines-version
859 silly ADD node_modules/@prisma/debug
860 silly ADD node_modules/zeptomatch
861 silly ADD node_modules/valibot
862 silly ADD node_modules/std-env
863 silly ADD node_modules/remeda
864 silly ADD node_modules/proper-lockfile
865 silly ADD node_modules/proper-lockfile/node_modules/signal-exit
866 silly ADD node_modules/pathe
867 silly ADD node_modules/http-status-codes
868 silly ADD node_modules/get-port-please
869 silly ADD node_modules/foreground-child
870 silly ADD node_modules/@prisma/streams-local
871 silly ADD node_modules/@prisma/query-plan-executor
872 silly ADD node_modules/@prisma/get-platform
873 silly ADD node_modules/@prisma/get-platform/node_modules/@prisma/debug
874 silly ADD node_modules/hono
875 silly ADD node_modules/@hono/node-server
876 silly ADD node_modules/@electric-sql/pglite-tools
877 silly ADD node_modules/@electric-sql/pglite-socket
878 silly ADD node_modules/@electric-sql/pglite
879 silly ADD node_modules/empathic
880 silly ADD node_modules/effect
881 silly ADD node_modules/deepmerge-ts
882 silly ADD node_modules/c12
883 silly ADD node_modules/postgres
884 silly ADD node_modules/mysql2
885 silly ADD node_modules/@prisma/studio-core
886 silly ADD node_modules/@prisma/engines
887 silly ADD node_modules/@prisma/engines/node_modules/@prisma/get-platform
888 silly ADD node_modules/@prisma/dev
889 silly ADD node_modules/@prisma/config
890 silly ADD node_modules/@prisma/client-runtime-utils
891 silly ADD node_modules/prisma
892 silly ADD node_modules/@prisma/client
893 verbose cwd C:\Users\arnoc\Desktop\Website Projects 2026\AirFreight
894 verbose os Windows_NT 10.0.26200
895 verbose node v24.12.0
896 verbose npm  v11.6.2
897 verbose exit 0
898 info ok
