0 verbose cli C:\Program Files\nodejs\node.exe C:\Program Files\nodejs\node_modules\npm\bin\npm-cli.js
1 info using npm@11.6.2
2 info using node@v24.12.0
3 silly config load:file:C:\Program Files\nodejs\node_modules\npm\npmrc
4 silly config load:file:C:\Users\arnoc\Desktop\Website Projects 2026\AirFreight\.npmrc
5 silly config load:file:C:\Users\arnoc\.npmrc
6 silly config load:file:C:\Users\arnoc\AppData\Roaming\npm\etc\npmrc
7 verbose title npm install @prisma/adapter-pg pg dotenv
8 verbose argv "install" "@prisma/adapter-pg" "pg" "dotenv" "--cache" ".npm-cache" "--no-audit" "--no-fund"
9 verbose logfile logs-max:10 dir:C:\Users\arnoc\Desktop\Website Projects 2026\AirFreight\.npm-cache\_logs\2026-05-18T22_07_26_145Z-
10 verbose logfile C:\Users\arnoc\Desktop\Website Projects 2026\AirFreight\.npm-cache\_logs\2026-05-18T22_07_26_145Z-debug-0.log
11 silly logfile done cleaning log files
12 silly packumentCache heap:4496293888 maxSize:1124073472 maxEntrySize:562036736
13 verbose shrinkwrap failed to load node_modules/.package-lock.json out of date, updated: node_modules
14 silly idealTree buildDeps
15 silly fetch manifest @prisma/adapter-pg@*
16 silly packumentCache full:https://registry.npmjs.org/@prisma%2fadapter-pg cache-miss
17 http fetch GET 200 https://registry.npmjs.org/@prisma%2fadapter-pg 8956ms (cache miss)
18 silly packumentCache full:https://registry.npmjs.org/@prisma%2fadapter-pg set size:undefined disposed:false
19 silly fetch manifest pg@*
20 silly packumentCache full:https://registry.npmjs.org/pg cache-miss
21 http fetch GET 200 https://registry.npmjs.org/pg 694ms (cache miss)
22 silly packumentCache full:https://registry.npmjs.org/pg set size:undefined disposed:false
23 silly fetch manifest pg-native@>=3.0.1
24 silly packumentCache full:https://registry.npmjs.org/pg-native cache-miss
25 http fetch GET 200 https://registry.npmjs.org/pg-native 496ms (cache miss)
26 silly packumentCache full:https://registry.npmjs.org/pg-native set size:undefined disposed:false
27 silly fetch manifest dotenv@*
28 silly packumentCache full:https://registry.npmjs.org/dotenv cache-miss
29 http fetch GET 200 https://registry.npmjs.org/dotenv 698ms (cache revalidated)
30 silly packumentCache full:https://registry.npmjs.org/dotenv set size:277832 disposed:false
31 silly placeDep ROOT @prisma/adapter-pg@7.8.0 OK for: gds-airfreight@1.0.0 want: *
32 silly placeDep ROOT dotenv@17.4.2 REPLACE for: gds-airfreight@1.0.0 want: *
33 silly placeDep ROOT pg@8.21.0 OK for: gds-airfreight@1.0.0 want: *
34 silly fetch manifest pg@^8.16.3
35 silly packumentCache full:https://registry.npmjs.org/pg cache-miss
36 silly fetch manifest @types/pg@^8.16.0
37 silly packumentCache full:https://registry.npmjs.org/@types%2fpg cache-miss
38 silly fetch manifest postgres-array@3.0.4
39 silly packumentCache full:https://registry.npmjs.org/postgres-array cache-miss
40 silly fetch manifest @prisma/driver-adapter-utils@7.8.0
41 silly packumentCache full:https://registry.npmjs.org/@prisma%2fdriver-adapter-utils cache-miss
42 silly fetch manifest pg-connection-string@^2.13.0
43 silly packumentCache full:https://registry.npmjs.org/pg-connection-string cache-miss
44 silly fetch manifest pg-pool@^3.14.0
45 silly packumentCache full:https://registry.npmjs.org/pg-pool cache-miss
46 silly fetch manifest pg-protocol@^1.14.0
47 silly packumentCache full:https://registry.npmjs.org/pg-protocol cache-miss
48 http cache https://registry.npmjs.org/pg 148ms (cache hit)
49 silly packumentCache full:https://registry.npmjs.org/pg set size:477609 disposed:false
50 silly fetch manifest pg-types@2.2.0
51 silly packumentCache full:https://registry.npmjs.org/pg-types cache-miss
52 http fetch GET 200 https://registry.npmjs.org/postgres-array 989ms (cache miss)
53 silly packumentCache full:https://registry.npmjs.org/postgres-array set size:undefined disposed:false
54 silly fetch manifest pgpass@1.0.5
55 silly packumentCache full:https://registry.npmjs.org/pgpass cache-miss
56 http fetch GET 200 https://registry.npmjs.org/pgpass 717ms (cache miss)
57 silly packumentCache full:https://registry.npmjs.org/pgpass set size:undefined disposed:false
58 silly fetch manifest pg-cloudflare@^1.4.0
59 silly packumentCache full:https://registry.npmjs.org/pg-cloudflare cache-miss
60 http fetch GET 200 https://registry.npmjs.org/pg-cloudflare 505ms (cache miss)
61 silly packumentCache full:https://registry.npmjs.org/pg-cloudflare set size:undefined disposed:false
62 http fetch GET 200 https://registry.npmjs.org/pg-types 2058ms (cache miss)
63 silly packumentCache full:https://registry.npmjs.org/pg-types set size:undefined disposed:false
64 http fetch GET 200 https://registry.npmjs.org/pg-protocol 2339ms (cache miss)
65 silly packumentCache full:https://registry.npmjs.org/pg-protocol set size:undefined disposed:false
66 http fetch GET 200 https://registry.npmjs.org/pg-connection-string 2356ms (cache miss)
67 silly packumentCache full:https://registry.npmjs.org/pg-connection-string set size:undefined disposed:false
68 http fetch GET 200 https://registry.npmjs.org/pg-pool 2363ms (cache miss)
69 silly packumentCache full:https://registry.npmjs.org/pg-pool set size:undefined disposed:false
70 http fetch GET 200 https://registry.npmjs.org/@types%2fpg 3743ms (cache miss)
71 silly packumentCache full:https://registry.npmjs.org/@types%2fpg set size:undefined disposed:false
72 http fetch GET 200 https://registry.npmjs.org/@prisma%2fdriver-adapter-utils 5611ms (cache miss)
73 silly packumentCache full:https://registry.npmjs.org/@prisma%2fdriver-adapter-utils set size:undefined disposed:false
74 silly placeDep ROOT @prisma/driver-adapter-utils@7.8.0 OK for: @prisma/adapter-pg@7.8.0 want: 7.8.0
75 silly placeDep ROOT @types/pg@8.20.0 OK for: @prisma/adapter-pg@7.8.0 want: ^8.16.0
76 silly placeDep ROOT postgres-array@3.0.4 OK for: @prisma/adapter-pg@7.8.0 want: 3.0.4
77 silly fetch manifest pg-types@^2.2.0
78 silly packumentCache full:https://registry.npmjs.org/pg-types cache-miss
79 silly fetch manifest pg-protocol@*
80 silly packumentCache full:https://registry.npmjs.org/pg-protocol cache-miss
81 http cache https://registry.npmjs.org/pg-types 22ms (cache hit)
82 silly packumentCache full:https://registry.npmjs.org/pg-types set size:51397 disposed:false
83 http cache https://registry.npmjs.org/pg-protocol 23ms (cache hit)
84 silly packumentCache full:https://registry.npmjs.org/pg-protocol set size:53427 disposed:false
85 silly placeDep ROOT pg-protocol@1.14.0 OK for: @types/pg@8.20.0 want: *
86 silly placeDep ROOT pg-types@2.2.0 OK for: @types/pg@8.20.0 want: ^2.2.0
87 silly fetch manifest pg-int8@1.0.1
88 silly packumentCache full:https://registry.npmjs.org/pg-int8 cache-miss
89 silly fetch manifest postgres-date@~1.0.4
90 silly packumentCache full:https://registry.npmjs.org/postgres-date cache-miss
91 silly fetch manifest postgres-array@~2.0.0
92 silly packumentCache full:https://registry.npmjs.org/postgres-array cache-miss
93 silly fetch manifest postgres-bytea@~1.0.0
94 silly packumentCache full:https://registry.npmjs.org/postgres-bytea cache-miss
95 silly fetch manifest postgres-interval@^1.1.0
96 silly packumentCache full:https://registry.npmjs.org/postgres-interval cache-miss
97 http cache https://registry.npmjs.org/postgres-array 26ms (cache hit)
98 silly packumentCache full:https://registry.npmjs.org/postgres-array set size:21967 disposed:false
99 http fetch GET 200 https://registry.npmjs.org/pg-int8 566ms (cache miss)
100 silly packumentCache full:https://registry.npmjs.org/pg-int8 set size:undefined disposed:false
101 http fetch GET 200 https://registry.npmjs.org/postgres-date 737ms (cache miss)
102 silly packumentCache full:https://registry.npmjs.org/postgres-date set size:undefined disposed:false
103 http fetch GET 200 https://registry.npmjs.org/postgres-interval 742ms (cache miss)
104 silly packumentCache full:https://registry.npmjs.org/postgres-interval set size:undefined disposed:false
105 http fetch GET 200 https://registry.npmjs.org/postgres-bytea 1174ms (cache miss)
106 silly packumentCache full:https://registry.npmjs.org/postgres-bytea set size:undefined disposed:false
107 silly fetch manifest pg@>=8.0
108 silly packumentCache full:https://registry.npmjs.org/pg cache-hit
109 silly placeDep ROOT pg-cloudflare@1.4.0 OK for: pg@8.21.0 want: ^1.4.0
110 silly placeDep ROOT pg-connection-string@2.13.0 OK for: pg@8.21.0 want: ^2.13.0
111 silly placeDep ROOT pg-pool@3.14.0 OK for: pg@8.21.0 want: ^3.14.0
112 silly placeDep ROOT pgpass@1.0.5 OK for: pg@8.21.0 want: 1.0.5
113 silly fetch manifest split2@^4.1.0
114 silly packumentCache full:https://registry.npmjs.org/split2 cache-miss
115 http fetch GET 200 https://registry.npmjs.org/split2 670ms (cache miss)
116 silly packumentCache full:https://registry.npmjs.org/split2 set size:undefined disposed:false
117 silly placeDep ROOT pg-int8@1.0.1 OK for: pg-types@2.2.0 want: 1.0.1
118 silly placeDep node_modules/pg-types postgres-array@2.0.0 OK for: pg-types@2.2.0 want: ~2.0.0
119 silly placeDep ROOT postgres-bytea@1.0.1 OK for: pg-types@2.2.0 want: ~1.0.0
120 silly placeDep ROOT postgres-date@1.0.7 OK for: pg-types@2.2.0 want: ~1.0.4
121 silly placeDep ROOT postgres-interval@1.2.0 OK for: pg-types@2.2.0 want: ^1.1.0
122 silly fetch manifest xtend@^4.0.0
123 silly packumentCache full:https://registry.npmjs.org/xtend cache-miss
124 http fetch GET 200 https://registry.npmjs.org/xtend 489ms (cache miss)
125 silly packumentCache full:https://registry.npmjs.org/xtend set size:undefined disposed:false
126 silly placeDep ROOT split2@4.2.0 OK for: pgpass@1.0.5 want: ^4.1.0
127 silly placeDep ROOT xtend@4.0.2 OK for: postgres-interval@1.2.0 want: ^4.0.0
128 silly reify moves {}
129 http cache split2@https://registry.npmjs.org/split2/-/split2-4.2.0.tgz 0ms (cache hit)
130 http cache xtend@https://registry.npmjs.org/xtend/-/xtend-4.0.2.tgz 0ms (cache hit)
131 http cache postgres-interval@https://registry.npmjs.org/postgres-interval/-/postgres-interval-1.2.0.tgz 0ms (cache hit)
132 http cache postgres-date@https://registry.npmjs.org/postgres-date/-/postgres-date-1.0.7.tgz 0ms (cache hit)
133 http cache pg-int8@https://registry.npmjs.org/pg-int8/-/pg-int8-1.0.1.tgz 1ms (cache hit)
134 http cache postgres-bytea@https://registry.npmjs.org/postgres-bytea/-/postgres-bytea-1.0.1.tgz 0ms (cache hit)
135 http cache pgpass@https://registry.npmjs.org/pgpass/-/pgpass-1.0.5.tgz 0ms (cache hit)
136 http cache pg-connection-string@https://registry.npmjs.org/pg-connection-string/-/pg-connection-string-2.13.0.tgz 0ms (cache hit)
137 http cache pg-pool@https://registry.npmjs.org/pg-pool/-/pg-pool-3.14.0.tgz 0ms (cache hit)
138 http cache pg-cloudflare@https://registry.npmjs.org/pg-cloudflare/-/pg-cloudflare-1.4.0.tgz 0ms (cache hit)
139 http cache postgres-array@https://registry.npmjs.org/postgres-array/-/postgres-array-3.0.4.tgz 0ms (cache hit)
140 http cache pg-types@https://registry.npmjs.org/pg-types/-/pg-types-2.2.0.tgz 0ms (cache hit)
141 http cache pg-protocol@https://registry.npmjs.org/pg-protocol/-/pg-protocol-1.14.0.tgz 0ms (cache hit)
142 http cache @types/pg@https://registry.npmjs.org/@types/pg/-/pg-8.20.0.tgz 0ms (cache hit)
143 http cache @prisma/driver-adapter-utils@https://registry.npmjs.org/@prisma/driver-adapter-utils/-/driver-adapter-utils-7.8.0.tgz 0ms (cache hit)
144 http cache pg@https://registry.npmjs.org/pg/-/pg-8.21.0.tgz 0ms (cache hit)
145 http cache postgres-array@https://registry.npmjs.org/postgres-array/-/postgres-array-2.0.0.tgz 0ms (cache hit)
146 silly tarball no local data for split2@https://registry.npmjs.org/split2/-/split2-4.2.0.tgz. Extracting by manifest.
147 silly tarball no local data for xtend@https://registry.npmjs.org/xtend/-/xtend-4.0.2.tgz. Extracting by manifest.
148 http cache @prisma/adapter-pg@https://registry.npmjs.org/@prisma/adapter-pg/-/adapter-pg-7.8.0.tgz 0ms (cache hit)
149 silly tarball no local data for postgres-interval@https://registry.npmjs.org/postgres-interval/-/postgres-interval-1.2.0.tgz. Extracting by manifest.
150 silly tarball no local data for postgres-date@https://registry.npmjs.org/postgres-date/-/postgres-date-1.0.7.tgz. Extracting by manifest.
151 silly tarball no local data for pg-int8@https://registry.npmjs.org/pg-int8/-/pg-int8-1.0.1.tgz. Extracting by manifest.
152 silly tarball no local data for postgres-bytea@https://registry.npmjs.org/postgres-bytea/-/postgres-bytea-1.0.1.tgz. Extracting by manifest.
153 silly tarball no local data for pgpass@https://registry.npmjs.org/pgpass/-/pgpass-1.0.5.tgz. Extracting by manifest.
154 silly tarball no local data for pg-connection-string@https://registry.npmjs.org/pg-connection-string/-/pg-connection-string-2.13.0.tgz. Extracting by manifest.
155 silly tarball no local data for pg-pool@https://registry.npmjs.org/pg-pool/-/pg-pool-3.14.0.tgz. Extracting by manifest.
156 silly tarball no local data for pg-cloudflare@https://registry.npmjs.org/pg-cloudflare/-/pg-cloudflare-1.4.0.tgz. Extracting by manifest.
157 silly tarball no local data for postgres-array@https://registry.npmjs.org/postgres-array/-/postgres-array-3.0.4.tgz. Extracting by manifest.
158 silly tarball no local data for pg-types@https://registry.npmjs.org/pg-types/-/pg-types-2.2.0.tgz. Extracting by manifest.
159 silly tarball no local data for pg-protocol@https://registry.npmjs.org/pg-protocol/-/pg-protocol-1.14.0.tgz. Extracting by manifest.
160 silly tarball no local data for @types/pg@https://registry.npmjs.org/@types/pg/-/pg-8.20.0.tgz. Extracting by manifest.
161 silly tarball no local data for @prisma/driver-adapter-utils@https://registry.npmjs.org/@prisma/driver-adapter-utils/-/driver-adapter-utils-7.8.0.tgz. Extracting by manifest.
162 silly tarball no local data for pg@https://registry.npmjs.org/pg/-/pg-8.21.0.tgz. Extracting by manifest.
163 silly tarball no local data for postgres-array@https://registry.npmjs.org/postgres-array/-/postgres-array-2.0.0.tgz. Extracting by manifest.
164 silly tarball no local data for @prisma/adapter-pg@https://registry.npmjs.org/@prisma/adapter-pg/-/adapter-pg-7.8.0.tgz. Extracting by manifest.
165 http fetch GET 200 https://registry.npmjs.org/xtend/-/xtend-4.0.2.tgz 680ms (cache miss)
166 http fetch GET 200 https://registry.npmjs.org/split2/-/split2-4.2.0.tgz 689ms (cache miss)
167 http fetch GET 200 https://registry.npmjs.org/postgres-bytea/-/postgres-bytea-1.0.1.tgz 694ms (cache miss)
168 http fetch GET 200 https://registry.npmjs.org/pg-int8/-/pg-int8-1.0.1.tgz 699ms (cache miss)
169 http fetch GET 200 https://registry.npmjs.org/postgres-interval/-/postgres-interval-1.2.0.tgz 723ms (cache miss)
170 http fetch GET 200 https://registry.npmjs.org/postgres-date/-/postgres-date-1.0.7.tgz 721ms (cache miss)
171 http fetch GET 200 https://registry.npmjs.org/pgpass/-/pgpass-1.0.5.tgz 714ms (cache miss)
172 http fetch GET 200 https://registry.npmjs.org/postgres-array/-/postgres-array-2.0.0.tgz 802ms (cache miss)
173 http fetch GET 200 https://registry.npmjs.org/@prisma/adapter-pg/-/adapter-pg-7.8.0.tgz 1142ms (cache miss)
174 http fetch GET 200 https://registry.npmjs.org/pg/-/pg-8.21.0.tgz 1581ms (cache miss)
175 http fetch GET 200 https://registry.npmjs.org/pg-connection-string/-/pg-connection-string-2.13.0.tgz 2342ms (cache miss)
176 http fetch GET 200 https://registry.npmjs.org/pg-pool/-/pg-pool-3.14.0.tgz 2349ms (cache miss)
177 http fetch GET 200 https://registry.npmjs.org/@types/pg/-/pg-8.20.0.tgz 2336ms (cache miss)
178 http fetch GET 200 https://registry.npmjs.org/@prisma/driver-adapter-utils/-/driver-adapter-utils-7.8.0.tgz 2335ms (cache miss)
179 http fetch GET 200 https://registry.npmjs.org/pg-cloudflare/-/pg-cloudflare-1.4.0.tgz 2668ms (cache miss)
180 http fetch GET 200 https://registry.npmjs.org/postgres-array/-/postgres-array-3.0.4.tgz 3519ms (cache miss)
181 http fetch GET 200 https://registry.npmjs.org/pg-protocol/-/pg-protocol-1.14.0.tgz 3729ms (cache miss)
182 http fetch GET 200 https://registry.npmjs.org/pg-types/-/pg-types-2.2.0.tgz 6295ms (cache miss)
183 silly ADD node_modules/xtend
184 silly ADD node_modules/split2
185 silly ADD node_modules/postgres-interval
186 silly ADD node_modules/postgres-date
187 silly ADD node_modules/postgres-bytea
188 silly ADD node_modules/pg-int8
189 silly ADD node_modules/pgpass
190 silly ADD node_modules/pg-pool
191 silly ADD node_modules/pg-connection-string
192 silly ADD node_modules/pg-cloudflare
193 silly ADD node_modules/pg-types
194 silly ADD node_modules/pg-types/node_modules/postgres-array
195 silly ADD node_modules/pg-protocol
196 silly ADD node_modules/postgres-array
197 silly ADD node_modules/@types/pg
198 silly ADD node_modules/@prisma/driver-adapter-utils
199 silly ADD node_modules/pg
200 silly ADD node_modules/@prisma/adapter-pg
201 verbose cwd C:\Users\arnoc\Desktop\Website Projects 2026\AirFreight
202 verbose os Windows_NT 10.0.26200
203 verbose node v24.12.0
204 verbose npm  v11.6.2
205 verbose exit 0
206 info ok
