0 verbose cli C:\Program Files\nodejs\node.exe C:\Program Files\nodejs\node_modules\npm\bin\npm-cli.js
1 info using npm@11.6.2
2 info using node@v24.12.0
3 silly config load:file:C:\Program Files\nodejs\node_modules\npm\npmrc
4 silly config load:file:C:\Users\arnoc\Desktop\Website Projects 2026\AirFreight\.npmrc
5 silly config load:file:C:\Users\arnoc\.npmrc
6 silly config load:file:C:\Users\arnoc\AppData\Roaming\npm\etc\npmrc
7 verbose title npm install @next/swc-win32-x64-msvc@14.2.35
8 verbose argv "install" "@next/swc-win32-x64-msvc@14.2.35" "--cache" ".npm-cache" "--no-audit" "--no-fund"
9 verbose logfile logs-max:10 dir:C:\Users\arnoc\Desktop\Website Projects 2026\AirFreight\.npm-cache\_logs\2026-05-18T20_42_27_392Z-
10 verbose logfile C:\Users\arnoc\Desktop\Website Projects 2026\AirFreight\.npm-cache\_logs\2026-05-18T20_42_27_392Z-debug-0.log
11 silly logfile done cleaning log files
12 silly packumentCache heap:4496293888 maxSize:1124073472 maxEntrySize:562036736
13 silly idealTree buildDeps
14 silly fetch manifest @next/swc-win32-x64-msvc@14.2.35
15 silly packumentCache full:https://registry.npmjs.org/@next%2fswc-win32-x64-msvc cache-miss
16 http fetch GET 200 https://registry.npmjs.org/@next%2fswc-win32-x64-msvc 3292ms (cache revalidated)
17 silly packumentCache full:https://registry.npmjs.org/@next%2fswc-win32-x64-msvc set size:5274365 disposed:false
18 silly placeDep ROOT @next/swc-win32-x64-msvc@ REPLACE for: gds-airfreight@1.0.0 want: 14.2.35
19 silly fetch manifest @next/swc-darwin-arm64@14.2.33
20 silly packumentCache full:https://registry.npmjs.org/@next%2fswc-darwin-arm64 cache-miss
21 http fetch GET 200 https://registry.npmjs.org/@next%2fswc-darwin-arm64 1587ms (cache revalidated)
22 silly packumentCache full:https://registry.npmjs.org/@next%2fswc-darwin-arm64 set size:5253212 disposed:false
23 silly fetch manifest @next/swc-darwin-x64@14.2.33
24 silly packumentCache full:https://registry.npmjs.org/@next%2fswc-darwin-x64 cache-miss
25 http fetch GET 200 https://registry.npmjs.org/@next%2fswc-darwin-x64 1588ms (cache revalidated)
26 silly packumentCache full:https://registry.npmjs.org/@next%2fswc-darwin-x64 set size:5196409 disposed:false
27 silly fetch manifest @next/swc-linux-arm64-gnu@14.2.33
28 silly packumentCache full:https://registry.npmjs.org/@next%2fswc-linux-arm64-gnu cache-miss
29 http fetch GET 200 https://registry.npmjs.org/@next%2fswc-linux-arm64-gnu 589ms (cache revalidated)
30 silly packumentCache full:https://registry.npmjs.org/@next%2fswc-linux-arm64-gnu set size:5105580 disposed:false
31 silly fetch manifest @next/swc-linux-arm64-musl@14.2.33
32 silly packumentCache full:https://registry.npmjs.org/@next%2fswc-linux-arm64-musl cache-miss
33 http fetch GET 200 https://registry.npmjs.org/@next%2fswc-linux-arm64-musl 1725ms (cache revalidated)
34 silly packumentCache full:https://registry.npmjs.org/@next%2fswc-linux-arm64-musl set size:5123436 disposed:false
35 silly fetch manifest @next/swc-linux-x64-gnu@14.2.33
36 silly packumentCache full:https://registry.npmjs.org/@next%2fswc-linux-x64-gnu cache-miss
37 http fetch GET 200 https://registry.npmjs.org/@next%2fswc-linux-x64-gnu 360ms (cache revalidated)
38 silly packumentCache full:https://registry.npmjs.org/@next%2fswc-linux-x64-gnu set size:5302402 disposed:false
39 silly fetch manifest @next/swc-linux-x64-musl@14.2.33
40 silly packumentCache full:https://registry.npmjs.org/@next%2fswc-linux-x64-musl cache-miss
41 http fetch GET 200 https://registry.npmjs.org/@next%2fswc-linux-x64-musl 2524ms (cache revalidated)
42 silly packumentCache full:https://registry.npmjs.org/@next%2fswc-linux-x64-musl set size:5058456 disposed:false
43 silly fetch manifest @next/swc-win32-arm64-msvc@14.2.33
44 silly packumentCache full:https://registry.npmjs.org/@next%2fswc-win32-arm64-msvc cache-miss
45 http fetch GET 200 https://registry.npmjs.org/@next%2fswc-win32-arm64-msvc 560ms (cache revalidated)
46 silly packumentCache full:https://registry.npmjs.org/@next%2fswc-win32-arm64-msvc set size:5087582 disposed:false
47 silly fetch manifest @next/swc-win32-ia32-msvc@14.2.33
48 silly packumentCache full:https://registry.npmjs.org/@next%2fswc-win32-ia32-msvc cache-miss
49 http fetch GET 200 https://registry.npmjs.org/@next%2fswc-win32-ia32-msvc 890ms (cache revalidated)
50 silly packumentCache full:https://registry.npmjs.org/@next%2fswc-win32-ia32-msvc set size:3201589 disposed:false
51 silly placeDep ROOT @next/swc-darwin-arm64@14.2.33 OK for: next@14.2.35 want: 14.2.33
52 silly placeDep ROOT @next/swc-darwin-x64@14.2.33 OK for: next@14.2.35 want: 14.2.33
53 silly placeDep ROOT @next/swc-linux-arm64-gnu@14.2.33 OK for: next@14.2.35 want: 14.2.33
54 silly placeDep ROOT @next/swc-linux-arm64-musl@14.2.33 OK for: next@14.2.35 want: 14.2.33
55 silly placeDep ROOT @next/swc-linux-x64-gnu@14.2.33 OK for: next@14.2.35 want: 14.2.33
56 silly placeDep ROOT @next/swc-linux-x64-musl@14.2.33 OK for: next@14.2.35 want: 14.2.33
57 silly placeDep ROOT @next/swc-win32-arm64-msvc@14.2.33 OK for: next@14.2.35 want: 14.2.33
58 silly placeDep ROOT @next/swc-win32-ia32-msvc@14.2.33 OK for: next@14.2.35 want: 14.2.33
59 verbose type version
60 verbose stack @next/swc-win32-x64-msvc: No matching version found for @next/swc-win32-x64-msvc@14.2.35.
60 verbose stack     at module.exports (C:\Program Files\nodejs\node_modules\npm\node_modules\npm-pick-manifest\lib\index.js:210:23)
60 verbose stack     at RegistryFetcher.manifest (C:\Program Files\nodejs\node_modules\npm\node_modules\pacote\lib\registry.js:130:54)
60 verbose stack     at async #fetchManifest (C:\Program Files\nodejs\node_modules\npm\node_modules\@npmcli\arborist\lib\arborist\build-ideal-tree.js:1227:20)
60 verbose stack     at async #nodeFromEdge (C:\Program Files\nodejs\node_modules\npm\node_modules\@npmcli\arborist\lib\arborist\build-ideal-tree.js:1065:19)
60 verbose stack     at async #buildDepStep (C:\Program Files\nodejs\node_modules\npm\node_modules\@npmcli\arborist\lib\arborist\build-ideal-tree.js:929:11)
60 verbose stack     at async Arborist.buildIdealTree (C:\Program Files\nodejs\node_modules\npm\node_modules\@npmcli\arborist\lib\arborist\build-ideal-tree.js:182:7)
60 verbose stack     at async Promise.all (index 1)
60 verbose stack     at async Arborist.reify (C:\Program Files\nodejs\node_modules\npm\node_modules\@npmcli\arborist\lib\arborist\reify.js:114:5)
60 verbose stack     at async Install.exec (C:\Program Files\nodejs\node_modules\npm\lib\commands\install.js:150:5)
60 verbose stack     at async Npm.exec (C:\Program Files\nodejs\node_modules\npm\lib\npm.js:208:9)
61 error code ETARGET
62 error notarget No matching version found for @next/swc-win32-x64-msvc@14.2.35.
63 error notarget In most cases you or one of your dependencies are requesting
63 error notarget a package version that doesn't exist.
64 silly unfinished npm timer reify 1779136947937
65 silly unfinished npm timer reify:loadTrees 1779136947941
66 verbose cwd C:\Users\arnoc\Desktop\Website Projects 2026\AirFreight
67 verbose os Windows_NT 10.0.26200
68 verbose node v24.12.0
69 verbose npm  v11.6.2
70 verbose exit 1
71 verbose code 1
72 error A complete log of this run can be found in: C:\Users\arnoc\Desktop\Website Projects 2026\AirFreight\.npm-cache\_logs\2026-05-18T20_42_27_392Z-debug-0.log
